


fixed epsilon is 1.9

   target_epsilon  distortion_PLRV  target_delta  ...         G_k   G_theta  steps
0        0.637590         3.863863      0.000007  ...  150.000000  0.001737  197.0
1        0.637619         3.863863      0.000007  ...  149.447236  0.001743  197.0
2        0.637649         3.863863      0.000007  ...  148.894472  0.001750  197.0
3        0.637679         3.863863      0.000007  ...  148.341709  0.001757  197.0
4        0.637709         3.863863      0.000007  ...  147.788945  0.001763  197.0
5        0.637739         3.863863      0.000007  ...  147.236181  0.001770  197.0
6        0.637770         3.863863      0.000007  ...  146.683417  0.001777  197.0
7        0.637800         3.863863      0.000007  ...  146.130653  0.001783  197.0
8        0.637831         3.863863      0.000007  ...  145.577889  0.001790  197.0
9        0.637863         3.863863      0.000007  ...  145.025126  0.001797  197.0

[10 rows x 8 columns]
    epsilon  distortion_Gaussian     sigma
0  1.857298             2.393654  3.000000
1  1.632189             2.501909  3.135678
2  1.464486             2.610165  3.271357
3  1.334832             2.718421  3.407035
4  1.231112             2.826676  3.542714
5  1.137067             2.934932  3.678392
6  1.046935             3.043188  3.814070
7  0.970789             3.151444  3.949749
8  0.905490             3.259699  4.085427
9  0.848852             3.367955  4.221106
{'epsilon': 1.8572983520346484, 'distortion_Gaussian': 2.3936536824085963, 'sigma': 3.0}
   target_epsilon  distortion_PLRV  target_delta  ...  G_theta  steps  diff_dist
2        0.637649         3.863863      0.000007  ...  0.00175  197.0    1.47021

[1 rows x 9 columns]
{'target_epsilon': 0.6376489082305298, 'distortion_PLRV': 3.8638633085543113, 'target_delta': 7.4240152043831385e-06, 'C': 3.0, 'sample_rate': 0.015204383138576668, 'G_k': 148.89447236180905, 'G_theta': 0.0017499526738084718, 'steps': 197.0, 'diff_dist': 1.470209626145715, 'a_G': 1, 'distributions': ['Gamma'], 'epsilon': 1.8572983520346484, 'distortion_Gaussian': 2.3936536824085963, 'sigma': 3.0}



fixed epsilon is 1.7

   target_epsilon  distortion_PLRV  target_delta  ...         G_k   G_theta  steps
0        0.637590         3.863863      0.000007  ...  150.000000  0.001737  197.0
1        0.637619         3.863863      0.000007  ...  149.447236  0.001743  197.0
2        0.637649         3.863863      0.000007  ...  148.894472  0.001750  197.0
3        0.637679         3.863863      0.000007  ...  148.341709  0.001757  197.0
4        0.637709         3.863863      0.000007  ...  147.788945  0.001763  197.0
5        0.637739         3.863863      0.000007  ...  147.236181  0.001770  197.0
6        0.637770         3.863863      0.000007  ...  146.683417  0.001777  197.0
7        0.637800         3.863863      0.000007  ...  146.130653  0.001783  197.0
8        0.637831         3.863863      0.000007  ...  145.577889  0.001790  197.0
9        0.637863         3.863863      0.000007  ...  145.025126  0.001797  197.0

[10 rows x 8 columns]
     epsilon  distortion_Gaussian     sigma
1   1.632189             2.501909  3.135678
2   1.464486             2.610165  3.271357
3   1.334832             2.718421  3.407035
4   1.231112             2.826676  3.542714
5   1.137067             2.934932  3.678392
6   1.046935             3.043188  3.814070
7   0.970789             3.151444  3.949749
8   0.905490             3.259699  4.085427
9   0.848852             3.367955  4.221106
10  0.799299             3.476211  4.356784
{'epsilon': 1.6321893415282251, 'distortion_Gaussian': 2.5019093765878795, 'sigma': 3.135678391959799}
   target_epsilon  distortion_PLRV  target_delta  ...  G_theta  steps  diff_dist
2        0.637649         3.863863      0.000007  ...  0.00175  197.0   1.361954

[1 rows x 9 columns]
{'target_epsilon': 0.6376489082305298, 'distortion_PLRV': 3.8638633085543113, 'target_delta': 7.4240152043831385e-06, 'C': 3.0, 'sample_rate': 0.015204383138576668, 'G_k': 148.89447236180905, 'G_theta': 0.0017499526738084718, 'steps': 197.0, 'diff_dist': 1.3619539319664318, 'a_G': 1, 'distributions': ['Gamma'], 'epsilon': 1.6321893415282251, 'distortion_Gaussian': 2.5019093765878795, 'sigma': 3.135678391959799}



fixed epsilon is 1.4

   target_epsilon  distortion_PLRV  target_delta  ...         G_k   G_theta  steps
0        0.637590         3.863863      0.000007  ...  150.000000  0.001737  197.0
1        0.637619         3.863863      0.000007  ...  149.447236  0.001743  197.0
2        0.637649         3.863863      0.000007  ...  148.894472  0.001750  197.0
3        0.637679         3.863863      0.000007  ...  148.341709  0.001757  197.0
4        0.637709         3.863863      0.000007  ...  147.788945  0.001763  197.0
5        0.637739         3.863863      0.000007  ...  147.236181  0.001770  197.0
6        0.637770         3.863863      0.000007  ...  146.683417  0.001777  197.0
7        0.637800         3.863863      0.000007  ...  146.130653  0.001783  197.0
8        0.637831         3.863863      0.000007  ...  145.577889  0.001790  197.0
9        0.637863         3.863863      0.000007  ...  145.025126  0.001797  197.0

[10 rows x 8 columns]
     epsilon  distortion_Gaussian     sigma
3   1.334832             2.718421  3.407035
4   1.231112             2.826676  3.542714
5   1.137067             2.934932  3.678392
6   1.046935             3.043188  3.814070
7   0.970789             3.151444  3.949749
8   0.905490             3.259699  4.085427
9   0.848852             3.367955  4.221106
10  0.799299             3.476211  4.356784
11  0.755638             3.584466  4.492462
12  0.715355             3.692722  4.628141
{'epsilon': 1.334832374462971, 'distortion_Gaussian': 2.718420764946446, 'sigma': 3.407035175879397}
   target_epsilon  distortion_PLRV  target_delta  ...  G_theta  steps  diff_dist
2        0.637649         3.863863      0.000007  ...  0.00175  197.0   1.145443

[1 rows x 9 columns]
{'target_epsilon': 0.6376489082305298, 'distortion_PLRV': 3.8638633085543113, 'target_delta': 7.4240152043831385e-06, 'C': 3.0, 'sample_rate': 0.015204383138576668, 'G_k': 148.89447236180905, 'G_theta': 0.0017499526738084718, 'steps': 197.0, 'diff_dist': 1.1454425436078655, 'a_G': 1, 'distributions': ['Gamma'], 'epsilon': 1.334832374462971, 'distortion_Gaussian': 2.718420764946446, 'sigma': 3.407035175879397}



fixed epsilon is 1.1

   target_epsilon  distortion_PLRV  target_delta  ...         G_k   G_theta  steps
0        0.637590         3.863863      0.000007  ...  150.000000  0.001737  197.0
1        0.637619         3.863863      0.000007  ...  149.447236  0.001743  197.0
2        0.637649         3.863863      0.000007  ...  148.894472  0.001750  197.0
3        0.637679         3.863863      0.000007  ...  148.341709  0.001757  197.0
4        0.637709         3.863863      0.000007  ...  147.788945  0.001763  197.0
5        0.637739         3.863863      0.000007  ...  147.236181  0.001770  197.0
6        0.637770         3.863863      0.000007  ...  146.683417  0.001777  197.0
7        0.637800         3.863863      0.000007  ...  146.130653  0.001783  197.0
8        0.637831         3.863863      0.000007  ...  145.577889  0.001790  197.0
9        0.637863         3.863863      0.000007  ...  145.025126  0.001797  197.0

[10 rows x 8 columns]
     epsilon  distortion_Gaussian     sigma
6   1.046935             3.043188  3.814070
7   0.970789             3.151444  3.949749
8   0.905490             3.259699  4.085427
9   0.848852             3.367955  4.221106
10  0.799299             3.476211  4.356784
11  0.755638             3.584466  4.492462
12  0.715355             3.692722  4.628141
13  0.677675             3.800978  4.763819
14  0.645318             3.909233  4.899497
15  0.617051             4.017489  5.035176
{'epsilon': 1.0469346874705938, 'distortion_Gaussian': 3.043187847484296, 'sigma': 3.8140703517587946}
   target_epsilon  distortion_PLRV  target_delta  ...  G_theta  steps  diff_dist
2        0.637649         3.863863      0.000007  ...  0.00175  197.0   0.820675

[1 rows x 9 columns]
{'target_epsilon': 0.6376489082305298, 'distortion_PLRV': 3.8638633085543113, 'target_delta': 7.4240152043831385e-06, 'C': 3.0, 'sample_rate': 0.015204383138576668, 'G_k': 148.89447236180905, 'G_theta': 0.0017499526738084718, 'steps': 197.0, 'diff_dist': 0.8206754610700151, 'a_G': 1, 'distributions': ['Gamma'], 'epsilon': 1.0469346874705938, 'distortion_Gaussian': 3.043187847484296, 'sigma': 3.8140703517587946}



fixed epsilon is 0.8

   target_epsilon  distortion_PLRV  target_delta  ...         G_k   G_theta  steps
0        0.637590         3.863863      0.000007  ...  150.000000  0.001737  197.0
1        0.637619         3.863863      0.000007  ...  149.447236  0.001743  197.0
2        0.637649         3.863863      0.000007  ...  148.894472  0.001750  197.0
3        0.637679         3.863863      0.000007  ...  148.341709  0.001757  197.0
4        0.637709         3.863863      0.000007  ...  147.788945  0.001763  197.0
5        0.637739         3.863863      0.000007  ...  147.236181  0.001770  197.0
6        0.637770         3.863863      0.000007  ...  146.683417  0.001777  197.0
7        0.637800         3.863863      0.000007  ...  146.130653  0.001783  197.0
8        0.637831         3.863863      0.000007  ...  145.577889  0.001790  197.0
9        0.637863         3.863863      0.000007  ...  145.025126  0.001797  197.0

[10 rows x 8 columns]
     epsilon  distortion_Gaussian     sigma
10  0.799299             3.476211  4.356784
11  0.755638             3.584466  4.492462
12  0.715355             3.692722  4.628141
13  0.677675             3.800978  4.763819
14  0.645318             3.909233  4.899497
15  0.617051             4.017489  5.035176
16  0.591870             4.125745  5.170854
17  0.568361             4.234000  5.306533
18  0.545975             4.342256  5.442211
19  0.526523             4.450512  5.577889
{'epsilon': 0.799299297045704, 'distortion_Gaussian': 3.476210624201429, 'sigma': 4.35678391959799}
   target_epsilon  distortion_PLRV  target_delta  ...  G_theta  steps  diff_dist
2        0.637649         3.863863      0.000007  ...  0.00175  197.0   0.387653

[1 rows x 9 columns]
{'target_epsilon': 0.6376489082305298, 'distortion_PLRV': 3.8638633085543113, 'target_delta': 7.4240152043831385e-06, 'C': 3.0, 'sample_rate': 0.015204383138576668, 'G_k': 148.89447236180905, 'G_theta': 0.0017499526738084718, 'steps': 197.0, 'diff_dist': 0.38765268435288247, 'a_G': 1, 'distributions': ['Gamma'], 'epsilon': 0.799299297045704, 'distortion_Gaussian': 3.476210624201429, 'sigma': 4.35678391959799}



fixed epsilon is 0.7

   target_epsilon  distortion_PLRV  target_delta  ...         G_k   G_theta  steps
0        0.637590         3.863863      0.000007  ...  150.000000  0.001737  197.0
1        0.637619         3.863863      0.000007  ...  149.447236  0.001743  197.0
2        0.637649         3.863863      0.000007  ...  148.894472  0.001750  197.0
3        0.637679         3.863863      0.000007  ...  148.341709  0.001757  197.0
4        0.637709         3.863863      0.000007  ...  147.788945  0.001763  197.0
5        0.637739         3.863863      0.000007  ...  147.236181  0.001770  197.0
6        0.637770         3.863863      0.000007  ...  146.683417  0.001777  197.0
7        0.637800         3.863863      0.000007  ...  146.130653  0.001783  197.0
8        0.637831         3.863863      0.000007  ...  145.577889  0.001790  197.0
9        0.637863         3.863863      0.000007  ...  145.025126  0.001797  197.0

[10 rows x 8 columns]
     epsilon  distortion_Gaussian     sigma
13  0.677675             3.800978  4.763819
14  0.645318             3.909233  4.899497
15  0.617051             4.017489  5.035176
16  0.591870             4.125745  5.170854
17  0.568361             4.234000  5.306533
18  0.545975             4.342256  5.442211
19  0.526523             4.450512  5.577889
20  0.508842             4.558768  5.713568
21  0.491751             4.667023  5.849246
22  0.476421             4.775279  5.984925
{'epsilon': 0.6776754134398772, 'distortion_Gaussian': 3.8009777067392783, 'sigma': 4.763819095477387}
   target_epsilon  distortion_PLRV  target_delta  ...  G_theta  steps  diff_dist
2        0.637649         3.863863      0.000007  ...  0.00175  197.0   0.062886

[1 rows x 9 columns]
{'target_epsilon': 0.6376489082305298, 'distortion_PLRV': 3.8638633085543113, 'target_delta': 7.4240152043831385e-06, 'C': 3.0, 'sample_rate': 0.015204383138576668, 'G_k': 148.89447236180905, 'G_theta': 0.0017499526738084718, 'steps': 197.0, 'diff_dist': 0.062885601815033, 'a_G': 1, 'distributions': ['Gamma'], 'epsilon': 0.6776754134398772, 'distortion_Gaussian': 3.8009777067392783, 'sigma': 4.763819095477387}
