[2024-12-28 02:34:00,926] [INFO] [real_accelerator.py:133:get_accelerator] Setting ds_accelerator to cuda (auto detect)
 | tokenizer: RobertaTokenizer(name_or_path='roberta-base', vocab_size=50265, model_max_length=512, is_fast=False, padding_side='right', truncation_side='right', special_tokens={'bos_token': AddedToken("<s>", rstrip=False, lstrip=False, single_word=False, normalized=True), 'eos_token': AddedToken("</s>", rstrip=False, lstrip=False, single_word=False, normalized=True), 'unk_token': AddedToken("<unk>", rstrip=False, lstrip=False, single_word=False, normalized=True), 'sep_token': AddedToken("</s>", rstrip=False, lstrip=False, single_word=False, normalized=True), 'pad_token': AddedToken("<pad>", rstrip=False, lstrip=False, single_word=False, normalized=True), 'cls_token': AddedToken("<s>", rstrip=False, lstrip=False, single_word=False, normalized=True), 'mask_token': AddedToken("<mask>", rstrip=False, lstrip=True, single_word=False, normalized=True)}, clean_up_tokenization_spaces=True), size: 50265 



 *** dataset sizes: 
train: 67349
valid: 872
 ***
 | model type: 
<class 'transformers.models.roberta.modeling_roberta.RobertaForSequenceClassification'>
attention_only: False | randomly_initialize: False
Params to update: 
[
    "roberta.embeddings.word_embeddings.weight",
    "roberta.embeddings.position_embeddings.weight",
    "roberta.embeddings.token_type_embeddings.weight",
    "roberta.embeddings.LayerNorm.weight",
    "roberta.embeddings.LayerNorm.bias",
    "roberta.encoder.layer.0.attention.self.query.weight",
    "roberta.encoder.layer.0.attention.self.query.bias",
    "roberta.encoder.layer.0.attention.self.key.weight",
    "roberta.encoder.layer.0.attention.self.key.bias",
    "roberta.encoder.layer.0.attention.self.value.weight",
    "roberta.encoder.layer.0.attention.self.value.bias",
    "roberta.encoder.layer.0.attention.output.dense.weight",
    "roberta.encoder.layer.0.attention.output.dense.bias",
    "roberta.encoder.layer.0.attention.output.LayerNorm.weight",
    "roberta.encoder.layer.0.attention.output.LayerNorm.bias",
    "roberta.encoder.layer.0.intermediate.dense.weight",
    "roberta.encoder.layer.0.intermediate.dense.bias",
    "roberta.encoder.layer.0.output.dense.weight",
    "roberta.encoder.layer.0.output.dense.bias",
    "roberta.encoder.layer.0.output.LayerNorm.weight",
    "roberta.encoder.layer.0.output.LayerNorm.bias",
    "roberta.encoder.layer.1.attention.self.query.weight",
    "roberta.encoder.layer.1.attention.self.query.bias",
    "roberta.encoder.layer.1.attention.self.key.weight",
    "roberta.encoder.layer.1.attention.self.key.bias",
    "roberta.encoder.layer.1.attention.self.value.weight",
    "roberta.encoder.layer.1.attention.self.value.bias",
    "roberta.encoder.layer.1.attention.output.dense.weight",
    "roberta.encoder.layer.1.attention.output.dense.bias",
    "roberta.encoder.layer.1.attention.output.LayerNorm.weight",
    "roberta.encoder.layer.1.attention.output.LayerNorm.bias",
    "roberta.encoder.layer.1.intermediate.dense.weight",
    "roberta.encoder.layer.1.intermediate.dense.bias",
    "roberta.encoder.layer.1.output.dense.weight",
    "roberta.encoder.layer.1.output.dense.bias",
    "roberta.encoder.layer.1.output.LayerNorm.weight",
    "roberta.encoder.layer.1.output.LayerNorm.bias",
    "roberta.encoder.layer.2.attention.self.query.weight",
    "roberta.encoder.layer.2.attention.self.query.bias",
    "roberta.encoder.layer.2.attention.self.key.weight",
    "roberta.encoder.layer.2.attention.self.key.bias",
    "roberta.encoder.layer.2.attention.self.value.weight",
    "roberta.encoder.layer.2.attention.self.value.bias",
    "roberta.encoder.layer.2.attention.output.dense.weight",
    "roberta.encoder.layer.2.attention.output.dense.bias",
    "roberta.encoder.layer.2.attention.output.LayerNorm.weight",
    "roberta.encoder.layer.2.attention.output.LayerNorm.bias",
    "roberta.encoder.layer.2.intermediate.dense.weight",
    "roberta.encoder.layer.2.intermediate.dense.bias",
    "roberta.encoder.layer.2.output.dense.weight",
    "roberta.encoder.layer.2.output.dense.bias",
    "roberta.encoder.layer.2.output.LayerNorm.weight",
    "roberta.encoder.layer.2.output.LayerNorm.bias",
    "roberta.encoder.layer.3.attention.self.query.weight",
    "roberta.encoder.layer.3.attention.self.query.bias",
    "roberta.encoder.layer.3.attention.self.key.weight",
    "roberta.encoder.layer.3.attention.self.key.bias",
    "roberta.encoder.layer.3.attention.self.value.weight",
    "roberta.encoder.layer.3.attention.self.value.bias",
    "roberta.encoder.layer.3.attention.output.dense.weight",
    "roberta.encoder.layer.3.attention.output.dense.bias",
    "roberta.encoder.layer.3.attention.output.LayerNorm.weight",
    "roberta.encoder.layer.3.attention.output.LayerNorm.bias",
    "roberta.encoder.layer.3.intermediate.dense.weight",
    "roberta.encoder.layer.3.intermediate.dense.bias",
    "roberta.encoder.layer.3.output.dense.weight",
    "roberta.encoder.layer.3.output.dense.bias",
    "roberta.encoder.layer.3.output.LayerNorm.weight",
    "roberta.encoder.layer.3.output.LayerNorm.bias",
    "roberta.encoder.layer.4.attention.self.query.weight",
    "roberta.encoder.layer.4.attention.self.query.bias",
    "roberta.encoder.layer.4.attention.self.key.weight",
    "roberta.encoder.layer.4.attention.self.key.bias",
    "roberta.encoder.layer.4.attention.self.value.weight",
    "roberta.encoder.layer.4.attention.self.value.bias",
    "roberta.encoder.layer.4.attention.output.dense.weight",
    "roberta.encoder.layer.4.attention.output.dense.bias",
    "roberta.encoder.layer.4.attention.output.LayerNorm.weight",
    "roberta.encoder.layer.4.attention.output.LayerNorm.bias",
    "roberta.encoder.layer.4.intermediate.dense.weight",
    "roberta.encoder.layer.4.intermediate.dense.bias",
    "roberta.encoder.layer.4.output.dense.weight",
    "roberta.encoder.layer.4.output.dense.bias",
    "roberta.encoder.layer.4.output.LayerNorm.weight",
    "roberta.encoder.layer.4.output.LayerNorm.bias",
    "roberta.encoder.layer.5.attention.self.query.weight",
    "roberta.encoder.layer.5.attention.self.query.bias",
    "roberta.encoder.layer.5.attention.self.key.weight",
    "roberta.encoder.layer.5.attention.self.key.bias",
    "roberta.encoder.layer.5.attention.self.value.weight",
    "roberta.encoder.layer.5.attention.self.value.bias",
    "roberta.encoder.layer.5.attention.output.dense.weight",
    "roberta.encoder.layer.5.attention.output.dense.bias",
    "roberta.encoder.layer.5.attention.output.LayerNorm.weight",
    "roberta.encoder.layer.5.attention.output.LayerNorm.bias",
    "roberta.encoder.layer.5.intermediate.dense.weight",
    "roberta.encoder.layer.5.intermediate.dense.bias",
    "roberta.encoder.layer.5.output.dense.weight",
    "roberta.encoder.layer.5.output.dense.bias",
    "roberta.encoder.layer.5.output.LayerNorm.weight",
    "roberta.encoder.layer.5.output.LayerNorm.bias",
    "roberta.encoder.layer.6.attention.self.query.weight",
    "roberta.encoder.layer.6.attention.self.query.bias",
    "roberta.encoder.layer.6.attention.self.key.weight",
    "roberta.encoder.layer.6.attention.self.key.bias",
    "roberta.encoder.layer.6.attention.self.value.weight",
    "roberta.encoder.layer.6.attention.self.value.bias",
    "roberta.encoder.layer.6.attention.output.dense.weight",
    "roberta.encoder.layer.6.attention.output.dense.bias",
    "roberta.encoder.layer.6.attention.output.LayerNorm.weight",
    "roberta.encoder.layer.6.attention.output.LayerNorm.bias",
    "roberta.encoder.layer.6.intermediate.dense.weight",
    "roberta.encoder.layer.6.intermediate.dense.bias",
    "roberta.encoder.layer.6.output.dense.weight",
    "roberta.encoder.layer.6.output.dense.bias",
    "roberta.encoder.layer.6.output.LayerNorm.weight",
    "roberta.encoder.layer.6.output.LayerNorm.bias",
    "roberta.encoder.layer.7.attention.self.query.weight",
    "roberta.encoder.layer.7.attention.self.query.bias",
    "roberta.encoder.layer.7.attention.self.key.weight",
    "roberta.encoder.layer.7.attention.self.key.bias",
    "roberta.encoder.layer.7.attention.self.value.weight",
    "roberta.encoder.layer.7.attention.self.value.bias",
    "roberta.encoder.layer.7.attention.output.dense.weight",
    "roberta.encoder.layer.7.attention.output.dense.bias",
    "roberta.encoder.layer.7.attention.output.LayerNorm.weight",
    "roberta.encoder.layer.7.attention.output.LayerNorm.bias",
    "roberta.encoder.layer.7.intermediate.dense.weight",
    "roberta.encoder.layer.7.intermediate.dense.bias",
    "roberta.encoder.layer.7.output.dense.weight",
    "roberta.encoder.layer.7.output.dense.bias",
    "roberta.encoder.layer.7.output.LayerNorm.weight",
    "roberta.encoder.layer.7.output.LayerNorm.bias",
    "roberta.encoder.layer.8.attention.self.query.weight",
    "roberta.encoder.layer.8.attention.self.query.bias",
    "roberta.encoder.layer.8.attention.self.key.weight",
    "roberta.encoder.layer.8.attention.self.key.bias",
    "roberta.encoder.layer.8.attention.self.value.weight",
    "roberta.encoder.layer.8.attention.self.value.bias",
    "roberta.encoder.layer.8.attention.output.dense.weight",
    "roberta.encoder.layer.8.attention.output.dense.bias",
    "roberta.encoder.layer.8.attention.output.LayerNorm.weight",
    "roberta.encoder.layer.8.attention.output.LayerNorm.bias",
    "roberta.encoder.layer.8.intermediate.dense.weight",
    "roberta.encoder.layer.8.intermediate.dense.bias",
    "roberta.encoder.layer.8.output.dense.weight",
    "roberta.encoder.layer.8.output.dense.bias",
    "roberta.encoder.layer.8.output.LayerNorm.weight",
    "roberta.encoder.layer.8.output.LayerNorm.bias",
    "roberta.encoder.layer.9.attention.self.query.weight",
    "roberta.encoder.layer.9.attention.self.query.bias",
    "roberta.encoder.layer.9.attention.self.key.weight",
    "roberta.encoder.layer.9.attention.self.key.bias",
    "roberta.encoder.layer.9.attention.self.value.weight",
    "roberta.encoder.layer.9.attention.self.value.bias",
    "roberta.encoder.layer.9.attention.output.dense.weight",
    "roberta.encoder.layer.9.attention.output.dense.bias",
    "roberta.encoder.layer.9.attention.output.LayerNorm.weight",
    "roberta.encoder.layer.9.attention.output.LayerNorm.bias",
    "roberta.encoder.layer.9.intermediate.dense.weight",
    "roberta.encoder.layer.9.intermediate.dense.bias",
    "roberta.encoder.layer.9.output.dense.weight",
    "roberta.encoder.layer.9.output.dense.bias",
    "roberta.encoder.layer.9.output.LayerNorm.weight",
    "roberta.encoder.layer.9.output.LayerNorm.bias",
    "roberta.encoder.layer.10.attention.self.query.weight",
    "roberta.encoder.layer.10.attention.self.query.bias",
    "roberta.encoder.layer.10.attention.self.key.weight",
    "roberta.encoder.layer.10.attention.self.key.bias",
    "roberta.encoder.layer.10.attention.self.value.weight",
    "roberta.encoder.layer.10.attention.self.value.bias",
    "roberta.encoder.layer.10.attention.output.dense.weight",
    "roberta.encoder.layer.10.attention.output.dense.bias",
    "roberta.encoder.layer.10.attention.output.LayerNorm.weight",
    "roberta.encoder.layer.10.attention.output.LayerNorm.bias",
    "roberta.encoder.layer.10.intermediate.dense.weight",
    "roberta.encoder.layer.10.intermediate.dense.bias",
    "roberta.encoder.layer.10.output.dense.weight",
    "roberta.encoder.layer.10.output.dense.bias",
    "roberta.encoder.layer.10.output.LayerNorm.weight",
    "roberta.encoder.layer.10.output.LayerNorm.bias",
    "roberta.encoder.layer.11.attention.self.query.weight",
    "roberta.encoder.layer.11.attention.self.query.bias",
    "roberta.encoder.layer.11.attention.self.key.weight",
    "roberta.encoder.layer.11.attention.self.key.bias",
    "roberta.encoder.layer.11.attention.self.value.weight",
    "roberta.encoder.layer.11.attention.self.value.bias",
    "roberta.encoder.layer.11.attention.output.dense.weight",
    "roberta.encoder.layer.11.attention.output.dense.bias",
    "roberta.encoder.layer.11.attention.output.LayerNorm.weight",
    "roberta.encoder.layer.11.attention.output.LayerNorm.bias",
    "roberta.encoder.layer.11.intermediate.dense.weight",
    "roberta.encoder.layer.11.intermediate.dense.bias",
    "roberta.encoder.layer.11.output.dense.weight",
    "roberta.encoder.layer.11.output.dense.bias",
    "roberta.encoder.layer.11.output.LayerNorm.weight",
    "roberta.encoder.layer.11.output.LayerNorm.bias",
    "classifier.dense.weight",
    "classifier.dense.bias",
    "classifier.out_proj.weight",
    "classifier.out_proj.bias"
]
Number of differentiable params: 124.647 million
privacy_args: 
{
    "per_example_max_grad_norm": 3.0,
    "noise_multiplier": 0.5808349609375,
    "target_epsilon": 8.0,
    "target_delta": 7.4240152043831385e-06,
    "non_private": false,
    "accounting_mode": "rdp",
    "clipping_mode": "ghost"
}
{'0':'terrible','1':'great'}
*cls**sent_0*_It_was*mask*.*sep+*
metrics: 
{
    "eval_loss": 0.6948091983795166,
    "eval_acc": 0.5091743119266054
}
dev objective eval_acc: 0.5091743119266054
metrics: 
{
    "eval_loss": 1.567244529724121,
    "eval_acc": 0.5091743119266054
}
dev objective eval_acc: 0.5091743119266054
metrics: 
{
    "eval_loss": 1.4968609809875488,
    "eval_acc": 0.5091743119266054
}
dev objective eval_acc: 0.5091743119266054
metrics: 
{
    "eval_loss": 1.1979118585586548,
    "eval_acc": 0.5091743119266054
}
dev objective eval_acc: 0.5091743119266054
metrics: 
{
    "eval_loss": 0.8595606088638306,
    "eval_acc": 0.5091743119266054
}
dev objective eval_acc: 0.5091743119266054
metrics: 
{
    "eval_loss": 0.6470091342926025,
    "eval_acc": 0.8222477064220184
}
dev objective eval_acc: 0.8222477064220184
metrics: 
{
    "eval_loss": 1.1561634540557861,
    "eval_acc": 0.8096330275229358
}
dev objective eval_acc: 0.8096330275229358
metrics: 
{
    "eval_loss": 1.0330049991607666,
    "eval_acc": 0.8038990825688074
}
dev objective eval_acc: 0.8038990825688074
metrics: 
{
    "eval_loss": 1.1458059549331665,
    "eval_acc": 0.7912844036697247
}
dev objective eval_acc: 0.7912844036697247
metrics: 
{
    "eval_loss": 0.9898344874382019,
    "eval_acc": 0.8107798165137615
}
dev objective eval_acc: 0.8107798165137615
metrics: 
{
    "eval_loss": 1.1328861713409424,
    "eval_acc": 0.7889908256880734
}
dev objective eval_acc: 0.7889908256880734
metrics: 
{
    "eval_loss": 1.0200525522232056,
    "eval_acc": 0.8027522935779816
}
dev objective eval_acc: 0.8027522935779816
metrics: 
{
    "eval_loss": 1.0208901166915894,
    "eval_acc": 0.7970183486238532
}
dev objective eval_acc: 0.7970183486238532
metrics: 
{
    "eval_loss": 1.0058265924453735,
    "eval_acc": 0.8038990825688074
}
dev objective eval_acc: 0.8038990825688074
metrics: 
{
    "eval_loss": 0.9847806096076965,
    "eval_acc": 0.805045871559633
}
dev objective eval_acc: 0.805045871559633
metrics: 
{
    "eval_loss": 1.1350692510604858,
    "eval_acc": 0.7935779816513762
}
dev objective eval_acc: 0.7935779816513762
metrics: 
{
    "eval_loss": 1.1714284420013428,
    "eval_acc": 0.786697247706422
}
dev objective eval_acc: 0.786697247706422
metrics: 
{
    "eval_loss": 1.0345746278762817,
    "eval_acc": 0.805045871559633
}
dev objective eval_acc: 0.805045871559633
metrics: 
{
    "eval_loss": 1.0710045099258423,
    "eval_acc": 0.7958715596330275
}
dev objective eval_acc: 0.7958715596330275
metrics: 
{
    "eval_loss": 1.1256365776062012,
    "eval_acc": 0.7889908256880734
}
dev objective eval_acc: 0.7889908256880734
metrics: 
{
    "eval_loss": 1.0892693996429443,
    "eval_acc": 0.7947247706422018
}
dev objective eval_acc: 0.7947247706422018
running time: 4632.45 seconds... [about 1.286792254779074 hours]
Running command:

CUDA_VISIBLE_DEVICES=0 python -m classification.run_classification2   --task_name sst-2   --data_dir classification/data/original/GLUE-SST-2   --output_dir /mnt/backup/home/qiy22005/PRO/plrvo/results/nlp/classification/sst-2/PLRVO.roberta-base.clip_3.eps_1   --overwrite_output_dir   --model_name_or_path roberta-base   --few_shot_type finetune   --num_k 1   --num_sample 1 --seed 42   --template *cls**sent_0*_It_was*mask*.*sep+*   --non_private no   --num_train_epochs 3   --target_epsilon 8   --per_device_train_batch_size 170   --gradient_accumulation_steps 6   --per_device_eval_batch_size 8   --per_example_max_grad_norm 3 --clipping_mode ghost   --learning_rate 0.001   --lr_decay no   --adam_epsilon 1e-08   --weight_decay 0   --max_seq_len 256   --evaluation_strategy steps --eval_steps 10 --evaluate_before_training True   --do_train --do_eval   --first_sent_limit 200 --other_sent_limit 200 --truncate_head yes   --attention_only no --static_lm_head no --static_embedding no   --randomly_initialize no   --eval_spectrum no --max_spectrum_batches 2 --max_lanczos_iter 2   --store_grads no
