


fixed epsilon is 2.5

   target_epsilon  distortion_PLRV  target_delta  ...  steps     ??  distortion
0        0.703759         2.474726      0.000012  ...  124.0  150.0    2.476124
1        0.703759         2.676744      0.000012  ...  124.0  150.0    2.678257
2        0.703759         2.878763      0.000012  ...  124.0  150.0    2.880390
3        0.703759         3.080781      0.000012  ...  124.0  150.0    3.082522
4        0.703759         3.282800      0.000012  ...  124.0  150.0    3.284655
5        0.703759         3.484818      0.000012  ...  124.0  150.0    3.486787
6        0.703759         3.686837      0.000012  ...  124.0  150.0    3.688920
7        0.703759         3.888855      0.000012  ...  124.0  150.0    3.891053
8        0.703759         4.090873      0.000012  ...  124.0  150.0    4.093185
9        0.703759         4.292892      0.000012  ...  124.0  150.0    4.295318

[10 rows x 10 columns]
    gaussian_eps  gaussian_q  gaussian_sigma  clip  distortion_Gaussian
10      2.379072    0.024346        0.977387   1.0             0.779842
11      2.130612    0.024346        1.025126   1.0             0.817932
12      1.924778    0.024346        1.072864   1.0             0.856022
13      1.722996    0.024346        1.120603   1.0             0.894112
14      1.571970    0.024346        1.168342   1.0             0.932202
15      1.453212    0.024346        1.216080   1.0             0.970292
16      1.333802    0.024346        1.263819   1.0             1.008382
17      1.232718    0.024346        1.311558   1.0             1.046472
18      1.147688    0.024346        1.359296   1.0             1.084562
19      1.074640    0.024346        1.407035   1.0             1.122652
{'gaussian_eps': 2.3790719616889917, 'gaussian_q': 0.024345593304961843, 'gaussian_sigma': 0.9773869346733668, 'clip': 1.0, 'distortion_Gaussian': 0.7798419451063182}
        target_epsilon  distortion_PLRV  ...  distortion  diff_dist
349851        1.453228         1.018096  ...    1.237958  -0.238254

[1 rows x 11 columns]
{'target_epsilon': 1.4532281721494216, 'distortion_PLRV': 1.01809594129334, 'target_delta': 1.18874967309384e-05, 'C': 1.2758620689655173, 'sample_rate': 0.024345593304961843, 'G_k': 57.336683417085425, 'G_theta': 0.017434922359545475, 'steps': 124.0, '??': 75.0, 'distortion': 1.2379584746887642, 'diff_dist': -0.2382539961870217, 'a_G': 1, 'distributions': ['Gamma'], 'gaussian_eps': 2.3790719616889917, 'gaussian_q': 0.024345593304961843, 'gaussian_sigma': 0.9773869346733668, 'clip': 1.0, 'distortion_Gaussian': 0.7798419451063182}



fixed epsilon is 1.9

   target_epsilon  distortion_PLRV  target_delta  ...  steps     ??  distortion
0        0.703759         2.474726      0.000012  ...  124.0  150.0    2.476124
1        0.703759         2.676744      0.000012  ...  124.0  150.0    2.678257
2        0.703759         2.878763      0.000012  ...  124.0  150.0    2.880390
3        0.703759         3.080781      0.000012  ...  124.0  150.0    3.082522
4        0.703759         3.282800      0.000012  ...  124.0  150.0    3.284655
5        0.703759         3.484818      0.000012  ...  124.0  150.0    3.486787
6        0.703759         3.686837      0.000012  ...  124.0  150.0    3.688920
7        0.703759         3.888855      0.000012  ...  124.0  150.0    3.891053
8        0.703759         4.090873      0.000012  ...  124.0  150.0    4.093185
9        0.703759         4.292892      0.000012  ...  124.0  150.0    4.295318

[10 rows x 10 columns]
    gaussian_eps  gaussian_q  gaussian_sigma  clip  distortion_Gaussian
13      1.722996    0.024346        1.120603   1.0             0.894112
14      1.571970    0.024346        1.168342   1.0             0.932202
15      1.453212    0.024346        1.216080   1.0             0.970292
16      1.333802    0.024346        1.263819   1.0             1.008382
17      1.232718    0.024346        1.311558   1.0             1.046472
18      1.147688    0.024346        1.359296   1.0             1.084562
19      1.074640    0.024346        1.407035   1.0             1.122652
20      1.010930    0.024346        1.454774   1.0             1.160742
21      0.954787    0.024346        1.502513   1.0             1.198832
22      0.904968    0.024346        1.550251   1.0             1.236922
{'gaussian_eps': 1.722995641789255, 'gaussian_q': 0.024345593304961843, 'gaussian_sigma': 1.120603015075377, 'clip': 1.0, 'distortion_Gaussian': 0.8941118445177839}
        target_epsilon  distortion_PLRV  ...  distortion  diff_dist
349851        1.453228         1.018096  ...    1.237958  -0.123984

[1 rows x 11 columns]
{'target_epsilon': 1.4532281721494216, 'distortion_PLRV': 1.01809594129334, 'target_delta': 1.18874967309384e-05, 'C': 1.2758620689655173, 'sample_rate': 0.024345593304961843, 'G_k': 57.336683417085425, 'G_theta': 0.017434922359545475, 'steps': 124.0, '??': 75.0, 'distortion': 1.2379584746887642, 'diff_dist': -0.123984096775556, 'a_G': 1, 'distributions': ['Gamma'], 'gaussian_eps': 1.722995641789255, 'gaussian_q': 0.024345593304961843, 'gaussian_sigma': 1.120603015075377, 'clip': 1.0, 'distortion_Gaussian': 0.8941118445177839}



fixed epsilon is 1.7

   target_epsilon  distortion_PLRV  target_delta  ...  steps     ??  distortion
0        0.703759         2.474726      0.000012  ...  124.0  150.0    2.476124
1        0.703759         2.676744      0.000012  ...  124.0  150.0    2.678257
2        0.703759         2.878763      0.000012  ...  124.0  150.0    2.880390
3        0.703759         3.080781      0.000012  ...  124.0  150.0    3.082522
4        0.703759         3.282800      0.000012  ...  124.0  150.0    3.284655
5        0.703759         3.484818      0.000012  ...  124.0  150.0    3.486787
6        0.703759         3.686837      0.000012  ...  124.0  150.0    3.688920
7        0.703759         3.888855      0.000012  ...  124.0  150.0    3.891053
8        0.703759         4.090873      0.000012  ...  124.0  150.0    4.093185
9        0.703759         4.292892      0.000012  ...  124.0  150.0    4.295318

[10 rows x 10 columns]
    gaussian_eps  gaussian_q  gaussian_sigma  clip  distortion_Gaussian
14      1.571970    0.024346        1.168342   1.0             0.932202
15      1.453212    0.024346        1.216080   1.0             0.970292
16      1.333802    0.024346        1.263819   1.0             1.008382
17      1.232718    0.024346        1.311558   1.0             1.046472
18      1.147688    0.024346        1.359296   1.0             1.084562
19      1.074640    0.024346        1.407035   1.0             1.122652
20      1.010930    0.024346        1.454774   1.0             1.160742
21      0.954787    0.024346        1.502513   1.0             1.198832
22      0.904968    0.024346        1.550251   1.0             1.236922
23      0.860544    0.024346        1.597990   1.0             1.275012
{'gaussian_eps': 1.571970273503036, 'gaussian_q': 0.024345593304961843, 'gaussian_sigma': 1.1683417085427137, 'clip': 1.0, 'distortion_Gaussian': 0.9322018109882725}
        target_epsilon  distortion_PLRV  ...  distortion  diff_dist
349851        1.453228         1.018096  ...    1.237958  -0.085894

[1 rows x 11 columns]
{'target_epsilon': 1.4532281721494216, 'distortion_PLRV': 1.01809594129334, 'target_delta': 1.18874967309384e-05, 'C': 1.2758620689655173, 'sample_rate': 0.024345593304961843, 'G_k': 57.336683417085425, 'G_theta': 0.017434922359545475, 'steps': 124.0, '??': 75.0, 'distortion': 1.2379584746887642, 'diff_dist': -0.08589413030506743, 'a_G': 1, 'distributions': ['Gamma'], 'gaussian_eps': 1.571970273503036, 'gaussian_q': 0.024345593304961843, 'gaussian_sigma': 1.1683417085427137, 'clip': 1.0, 'distortion_Gaussian': 0.9322018109882725}



fixed epsilon is 1.4

   target_epsilon  distortion_PLRV  target_delta  ...  steps     ??  distortion
0        0.703759         2.474726      0.000012  ...  124.0  150.0    2.476124
1        0.703759         2.676744      0.000012  ...  124.0  150.0    2.678257
2        0.703759         2.878763      0.000012  ...  124.0  150.0    2.880390
3        0.703759         3.080781      0.000012  ...  124.0  150.0    3.082522
4        0.703759         3.282800      0.000012  ...  124.0  150.0    3.284655
5        0.703759         3.484818      0.000012  ...  124.0  150.0    3.486787
6        0.703759         3.686837      0.000012  ...  124.0  150.0    3.688920
7        0.703759         3.888855      0.000012  ...  124.0  150.0    3.891053
8        0.703759         4.090873      0.000012  ...  124.0  150.0    4.093185
9        0.703759         4.292892      0.000012  ...  124.0  150.0    4.295318

[10 rows x 10 columns]
    gaussian_eps  gaussian_q  gaussian_sigma  clip  distortion_Gaussian
16      1.333802    0.024346        1.263819   1.0             1.008382
17      1.232718    0.024346        1.311558   1.0             1.046472
18      1.147688    0.024346        1.359296   1.0             1.084562
19      1.074640    0.024346        1.407035   1.0             1.122652
20      1.010930    0.024346        1.454774   1.0             1.160742
21      0.954787    0.024346        1.502513   1.0             1.198832
22      0.904968    0.024346        1.550251   1.0             1.236922
23      0.860544    0.024346        1.597990   1.0             1.275012
24      0.820759    0.024346        1.645729   1.0             1.313101
25      0.784964    0.024346        1.693467   1.0             1.351191
{'gaussian_eps': 1.333801560100136, 'gaussian_q': 0.024345593304961843, 'gaussian_sigma': 1.263819095477387, 'clip': 1.0, 'distortion_Gaussian': 1.0083817439292495}
        target_epsilon  distortion_PLRV  ...  distortion  diff_dist
346239        1.343096         1.059276  ...    1.286556  -0.050895

[1 rows x 11 columns]
{'target_epsilon': 1.34309626649596, 'distortion_PLRV': 1.059276371340646, 'target_delta': 1.18874967309384e-05, 'C': 1.2758620689655173, 'sample_rate': 0.024345593304961843, 'G_k': 166.68341708542712, 'G_theta': 0.005697858662682783, 'steps': 124.0, '??': 150.0, 'distortion': 1.286556018116629, 'diff_dist': -0.05089462741139639, 'a_G': 1, 'distributions': ['Gamma'], 'gaussian_eps': 1.333801560100136, 'gaussian_q': 0.024345593304961843, 'gaussian_sigma': 1.263819095477387, 'clip': 1.0, 'distortion_Gaussian': 1.0083817439292495}



fixed epsilon is 1.1

   target_epsilon  distortion_PLRV  target_delta  ...  steps     ??  distortion
0        0.703759         2.474726      0.000012  ...  124.0  150.0    2.476124
1        0.703759         2.676744      0.000012  ...  124.0  150.0    2.678257
2        0.703759         2.878763      0.000012  ...  124.0  150.0    2.880390
3        0.703759         3.080781      0.000012  ...  124.0  150.0    3.082522
4        0.703759         3.282800      0.000012  ...  124.0  150.0    3.284655
5        0.703759         3.484818      0.000012  ...  124.0  150.0    3.486787
6        0.703759         3.686837      0.000012  ...  124.0  150.0    3.688920
7        0.703759         3.888855      0.000012  ...  124.0  150.0    3.891053
8        0.703759         4.090873      0.000012  ...  124.0  150.0    4.093185
9        0.703759         4.292892      0.000012  ...  124.0  150.0    4.295318

[10 rows x 10 columns]
    gaussian_eps  gaussian_q  gaussian_sigma  clip  distortion_Gaussian
19      1.074640    0.024346        1.407035   1.0             1.122652
20      1.010930    0.024346        1.454774   1.0             1.160742
21      0.954787    0.024346        1.502513   1.0             1.198832
22      0.904968    0.024346        1.550251   1.0             1.236922
23      0.860544    0.024346        1.597990   1.0             1.275012
24      0.820759    0.024346        1.645729   1.0             1.313101
25      0.784964    0.024346        1.693467   1.0             1.351191
26      0.752355    0.024346        1.741206   1.0             1.389281
27      0.722390    0.024346        1.788945   1.0             1.427371
28      0.695021    0.024346        1.836683   1.0             1.465461
{'gaussian_eps': 1.0746398480132013, 'gaussian_q': 0.024345593304961843, 'gaussian_sigma': 1.4070351758793969, 'clip': 1.0, 'distortion_Gaussian': 1.122651643340715}
        target_epsilon  distortion_PLRV  ...  distortion  diff_dist
244145        1.084498          1.40579  ...    1.587197  -0.283138

[1 rows x 11 columns]
{'target_epsilon': 1.0844976221472216, 'distortion_PLRV': 1.4057897704588098, 'target_delta': 1.18874967309384e-05, 'C': 1.4137931034482758, 'sample_rate': 0.024345593304961843, 'G_k': 145.32663316582915, 'G_theta': 0.004928708583568248, 'steps': 124.0, '??': 150.0, 'distortion': 1.5871971509299763, 'diff_dist': -0.28313812711809483, 'a_G': 1, 'distributions': ['Gamma'], 'gaussian_eps': 1.0746398480132013, 'gaussian_q': 0.024345593304961843, 'gaussian_sigma': 1.4070351758793969, 'clip': 1.0, 'distortion_Gaussian': 1.122651643340715}



fixed epsilon is 0.8

   target_epsilon  distortion_PLRV  target_delta  ...  steps     ??  distortion
0        0.703759         2.474726      0.000012  ...  124.0  150.0    2.476124
1        0.703759         2.676744      0.000012  ...  124.0  150.0    2.678257
2        0.703759         2.878763      0.000012  ...  124.0  150.0    2.880390
3        0.703759         3.080781      0.000012  ...  124.0  150.0    3.082522
4        0.703759         3.282800      0.000012  ...  124.0  150.0    3.284655
5        0.703759         3.484818      0.000012  ...  124.0  150.0    3.486787
6        0.703759         3.686837      0.000012  ...  124.0  150.0    3.688920
7        0.703759         3.888855      0.000012  ...  124.0  150.0    3.891053
8        0.703759         4.090873      0.000012  ...  124.0  150.0    4.093185
9        0.703759         4.292892      0.000012  ...  124.0  150.0    4.295318

[10 rows x 10 columns]
    gaussian_eps  gaussian_q  gaussian_sigma  clip  distortion_Gaussian
25      0.784964    0.024346        1.693467   1.0             1.351191
26      0.752355    0.024346        1.741206   1.0             1.389281
27      0.722390    0.024346        1.788945   1.0             1.427371
28      0.695021    0.024346        1.836683   1.0             1.465461
29      0.669898    0.024346        1.884422   1.0             1.503551
30      0.646733    0.024346        1.932161   1.0             1.541641
31      0.625060    0.024346        1.979899   1.0             1.579731
32      0.604711    0.024346        2.027638   1.0             1.617821
33      0.585798    0.024346        2.075377   1.0             1.655911
34      0.568162    0.024346        2.123116   1.0             1.694001
{'gaussian_eps': 0.7849636464344839, 'gaussian_q': 0.024345593304961843, 'gaussian_sigma': 1.693467336683417, 'clip': 1.0, 'distortion_Gaussian': 1.3511914421636464}
       target_epsilon  distortion_PLRV  ...  distortion  diff_dist
36621        0.794122         2.034121  ...    2.096676  -0.682929

[1 rows x 11 columns]
{'target_epsilon': 0.7941216704134819, 'distortion_PLRV': 2.0341208342734785, 'target_delta': 1.18874967309384e-05, 'C': 1.5517241379310345, 'sample_rate': 0.024345593304961843, 'G_k': 115.42713567839196, 'G_theta': 0.004296296296296296, 'steps': 124.0, '??': 150.0, 'distortion': 2.0966763757711755, 'diff_dist': -0.6829293921098321, 'a_G': 1, 'distributions': ['Gamma'], 'gaussian_eps': 0.7849636464344839, 'gaussian_q': 0.024345593304961843, 'gaussian_sigma': 1.693467336683417, 'clip': 1.0, 'distortion_Gaussian': 1.3511914421636464}
