(351503, 10)
(6000, 5)



fixed epsilon is 2.5

{'target_epsilon': 1.4631236746718437, 'distortion_PLRV': 1.0262709770528187, 'target_delta': 1.18874967309384e-05, 'C': 1.2758620689655173, 'sample_rate': 0.024345593304961843, 'G_k': 41.959798994974875, 'G_theta': 0.02378921635203042, 'steps': 124.0, '??': 50.0, 'distortion': 1.2379584746887642, 'dist_to_fix_eps': 1.0368763253281563}
      gaussian_eps  gaussian_q  ...  distortion_Gaussian  dist_to_fix_eps
10        2.379072    0.024346  ...             0.779842         0.120928
4610      2.379072    0.024346  ...             3.253823         0.120928
4410      2.379072    0.024346  ...             3.146259         0.120928
4210      2.379072    0.024346  ...             3.038694         0.120928
5210      2.379072    0.024346  ...             3.576517         0.120928
4010      2.379072    0.024346  ...             2.931130         0.120928
210       2.379072    0.024346  ...             0.887406         0.120928
3810      2.379072    0.024346  ...             2.823566         0.120928
3610      2.379072    0.024346  ...             2.716001         0.120928
3410      2.379072    0.024346  ...             2.608437         0.120928
3210      2.379072    0.024346  ...             2.500872         0.120928
5410      2.379072    0.024346  ...             3.684081         0.120928
3010      2.379072    0.024346  ...             2.393308         0.120928
4810      2.379072    0.024346  ...             3.361388         0.120928
2810      2.379072    0.024346  ...             2.285744         0.120928
2610      2.379072    0.024346  ...             2.178179         0.120928
2410      2.379072    0.024346  ...             2.070615         0.120928
2210      2.379072    0.024346  ...             1.963050         0.120928
5610      2.379072    0.024346  ...             3.791645         0.120928
2010      2.379072    0.024346  ...             1.855486         0.120928
1810      2.379072    0.024346  ...             1.747922         0.120928
610       2.379072    0.024346  ...             1.102535         0.120928
1610      2.379072    0.024346  ...             1.640357         0.120928
1410      2.379072    0.024346  ...             1.532793         0.120928
1210      2.379072    0.024346  ...             1.425228         0.120928
5810      2.379072    0.024346  ...             3.899210         0.120928
1010      2.379072    0.024346  ...             1.317664         0.120928
410       2.379072    0.024346  ...             0.994971         0.120928
5010      2.379072    0.024346  ...             3.468952         0.120928
810       2.379072    0.024346  ...             1.210100         0.120928

[30 rows x 6 columns]
5810
{'gaussian_eps': 2.3790719616889917, 'gaussian_q': 0.024345593304961843, 'gaussian_sigma': 0.9773869346733668, 'clip': 5.0, 'distortion_Gaussian': 3.899209725531591, 'dist_to_fix_eps': 0.12092803831100829}
{'target_epsilon': 1.4631236746718437, 'distortion_PLRV': 1.0262709770528187, 'target_delta': 1.18874967309384e-05, 'C': 1.2758620689655173, 'sample_rate': 0.024345593304961843, 'G_k': 41.959798994974875, 'G_theta': 0.02378921635203042, 'steps': 124.0, '??': 50.0, 'distortion': 1.2379584746887642, 'dist_to_fix_eps': 0.12092803831100829, 'a_G': 1, 'distributions': ['Gamma'], 'gaussian_eps': 2.3790719616889917, 'gaussian_q': 0.024345593304961843, 'gaussian_sigma': 0.9773869346733668, 'clip': 5.0, 'distortion_Gaussian': 3.899209725531591, 'diff_distortion': 2.8729387484787727}



fixed epsilon is 1.9

{'target_epsilon': 1.4631236746718437, 'distortion_PLRV': 1.0262709770528187, 'target_delta': 1.18874967309384e-05, 'C': 1.2758620689655173, 'sample_rate': 0.024345593304961843, 'G_k': 41.959798994974875, 'G_theta': 0.02378921635203042, 'steps': 124.0, '??': 50.0, 'distortion': 1.2379584746887642, 'dist_to_fix_eps': 0.43687632532815623}
      gaussian_eps  gaussian_q  ...  distortion_Gaussian  dist_to_fix_eps
13        1.722996    0.024346  ...             0.894112         0.177004
4213      1.722996    0.024346  ...             3.483953         0.177004
5213      1.722996    0.024346  ...             4.100582         0.177004
4013      1.722996    0.024346  ...             3.360627         0.177004
3813      1.722996    0.024346  ...             3.237302         0.177004
3613      1.722996    0.024346  ...             3.113976         0.177004
3413      1.722996    0.024346  ...             2.990650         0.177004
3213      1.722996    0.024346  ...             2.867324         0.177004
5413      1.722996    0.024346  ...             4.223908         0.177004
3013      1.722996    0.024346  ...             2.743998         0.177004
2813      1.722996    0.024346  ...             2.620673         0.177004
2613      1.722996    0.024346  ...             2.497347         0.177004
4413      1.722996    0.024346  ...             3.607279         0.177004
2413      1.722996    0.024346  ...             2.374021         0.177004
5613      1.722996    0.024346  ...             4.347233         0.177004
2013      1.722996    0.024346  ...             2.127370         0.177004
1813      1.722996    0.024346  ...             2.004044         0.177004
213       1.722996    0.024346  ...             1.017438         0.177004
1613      1.722996    0.024346  ...             1.880718         0.177004
1413      1.722996    0.024346  ...             1.757392         0.177004
1213      1.722996    0.024346  ...             1.634066         0.177004
1013      1.722996    0.024346  ...             1.510741         0.177004
5813      1.722996    0.024346  ...             4.470559         0.177004
813       1.722996    0.024346  ...             1.387415         0.177004
613       1.722996    0.024346  ...             1.264089         0.177004
2213      1.722996    0.024346  ...             2.250695         0.177004
4613      1.722996    0.024346  ...             3.730605         0.177004
413       1.722996    0.024346  ...             1.140763         0.177004
4813      1.722996    0.024346  ...             3.853930         0.177004
5013      1.722996    0.024346  ...             3.977256         0.177004

[30 rows x 6 columns]
5813
{'gaussian_eps': 1.722995641789255, 'gaussian_q': 0.024345593304961843, 'gaussian_sigma': 1.120603015075377, 'clip': 5.0, 'distortion_Gaussian': 4.4705592225889195, 'dist_to_fix_eps': 0.177004358210745}
{'target_epsilon': 1.4631236746718437, 'distortion_PLRV': 1.0262709770528187, 'target_delta': 1.18874967309384e-05, 'C': 1.2758620689655173, 'sample_rate': 0.024345593304961843, 'G_k': 41.959798994974875, 'G_theta': 0.02378921635203042, 'steps': 124.0, '??': 50.0, 'distortion': 1.2379584746887642, 'dist_to_fix_eps': 0.177004358210745, 'a_G': 1, 'distributions': ['Gamma'], 'gaussian_eps': 1.722995641789255, 'gaussian_q': 0.024345593304961843, 'gaussian_sigma': 1.120603015075377, 'clip': 5.0, 'distortion_Gaussian': 4.4705592225889195, 'diff_distortion': 3.444288245536101}



fixed epsilon is 1.7

{'target_epsilon': 1.4631236746718437, 'distortion_PLRV': 1.0262709770528187, 'target_delta': 1.18874967309384e-05, 'C': 1.2758620689655173, 'sample_rate': 0.024345593304961843, 'G_k': 41.959798994974875, 'G_theta': 0.02378921635203042, 'steps': 124.0, '??': 50.0, 'distortion': 1.2379584746887642, 'dist_to_fix_eps': 0.23687632532815628}
      gaussian_eps  gaussian_q  ...  distortion_Gaussian  dist_to_fix_eps
14         1.57197    0.024346  ...             0.932202          0.12803
3614       1.57197    0.024346  ...             3.246634          0.12803
3414       1.57197    0.024346  ...             3.118054          0.12803
3214       1.57197    0.024346  ...             2.989475          0.12803
5414       1.57197    0.024346  ...             4.403850          0.12803
3014       1.57197    0.024346  ...             2.860895          0.12803
2814       1.57197    0.024346  ...             2.732316          0.12803
2614       1.57197    0.024346  ...             2.603736          0.12803
2414       1.57197    0.024346  ...             2.475157          0.12803
2214       1.57197    0.024346  ...             2.346577          0.12803
3814       1.57197    0.024346  ...             3.375213          0.12803
2014       1.57197    0.024346  ...             2.217997          0.12803
1814       1.57197    0.024346  ...             2.089418          0.12803
1614       1.57197    0.024346  ...             1.960838          0.12803
1414       1.57197    0.024346  ...             1.832259          0.12803
1214       1.57197    0.024346  ...             1.703679          0.12803
1014       1.57197    0.024346  ...             1.575100          0.12803
5814       1.57197    0.024346  ...             4.661009          0.12803
814        1.57197    0.024346  ...             1.446520          0.12803
614        1.57197    0.024346  ...             1.317940          0.12803
414        1.57197    0.024346  ...             1.189361          0.12803
5614       1.57197    0.024346  ...             4.532429          0.12803
4014       1.57197    0.024346  ...             3.503793          0.12803
214        1.57197    0.024346  ...             1.060781          0.12803
4614       1.57197    0.024346  ...             3.889532          0.12803
4814       1.57197    0.024346  ...             4.018111          0.12803
5014       1.57197    0.024346  ...             4.146691          0.12803
4414       1.57197    0.024346  ...             3.760952          0.12803
4214       1.57197    0.024346  ...             3.632373          0.12803
5214       1.57197    0.024346  ...             4.275270          0.12803

[30 rows x 6 columns]
5814
{'gaussian_eps': 1.571970273503036, 'gaussian_q': 0.024345593304961843, 'gaussian_sigma': 1.1683417085427137, 'clip': 5.0, 'distortion_Gaussian': 4.6610090549413625, 'dist_to_fix_eps': 0.12802972649696387}
{'target_epsilon': 1.4631236746718437, 'distortion_PLRV': 1.0262709770528187, 'target_delta': 1.18874967309384e-05, 'C': 1.2758620689655173, 'sample_rate': 0.024345593304961843, 'G_k': 41.959798994974875, 'G_theta': 0.02378921635203042, 'steps': 124.0, '??': 50.0, 'distortion': 1.2379584746887642, 'dist_to_fix_eps': 0.12802972649696387, 'a_G': 1, 'distributions': ['Gamma'], 'gaussian_eps': 1.571970273503036, 'gaussian_q': 0.024345593304961843, 'gaussian_sigma': 1.1683417085427137, 'clip': 5.0, 'distortion_Gaussian': 4.6610090549413625, 'diff_distortion': 3.634738077888544}



fixed epsilon is 1.4

{'target_epsilon': 1.3437957963926077, 'distortion_PLRV': 1.0762116423548156, 'target_delta': 1.18874967309384e-05, 'C': 1.2758620689655173, 'sample_rate': 0.024345593304961843, 'G_k': 71.00502512562815, 'G_theta': 0.013273122368599757, 'steps': 124.0, '??': 100.0, 'distortion': 1.286556018116629, 'dist_to_fix_eps': 0.0562042036073922}
      gaussian_eps  gaussian_q  ...  distortion_Gaussian  dist_to_fix_eps
16        1.333802    0.024346  ...             1.008382         0.066198
616       1.333802    0.024346  ...             1.425643         0.066198
816       1.333802    0.024346  ...             1.564730         0.066198
5816      1.333802    0.024346  ...             5.041909         0.066198
1016      1.333802    0.024346  ...             1.703817         0.066198
1216      1.333802    0.024346  ...             1.842905         0.066198
1416      1.333802    0.024346  ...             1.981992         0.066198
1616      1.333802    0.024346  ...             2.121079         0.066198
1816      1.333802    0.024346  ...             2.260166         0.066198
5616      1.333802    0.024346  ...             4.902822         0.066198
2016      1.333802    0.024346  ...             2.399253         0.066198
2216      1.333802    0.024346  ...             2.538340         0.066198
2416      1.333802    0.024346  ...             2.677427         0.066198
416       1.333802    0.024346  ...             1.286556         0.066198
2616      1.333802    0.024346  ...             2.816515         0.066198
5416      1.333802    0.024346  ...             4.763734         0.066198
3016      1.333802    0.024346  ...             3.094689         0.066198
3216      1.333802    0.024346  ...             3.233776         0.066198
3416      1.333802    0.024346  ...             3.372863         0.066198
3616      1.333802    0.024346  ...             3.511950         0.066198
3816      1.333802    0.024346  ...             3.651037         0.066198
5216      1.333802    0.024346  ...             4.624647         0.066198
4016      1.333802    0.024346  ...             3.790124         0.066198
4216      1.333802    0.024346  ...             3.929212         0.066198
4416      1.333802    0.024346  ...             4.068299         0.066198
4616      1.333802    0.024346  ...             4.207386         0.066198
4816      1.333802    0.024346  ...             4.346473         0.066198
2816      1.333802    0.024346  ...             2.955602         0.066198
216       1.333802    0.024346  ...             1.147469         0.066198
5016      1.333802    0.024346  ...             4.485560         0.066198

[30 rows x 6 columns]
5816
{'gaussian_eps': 1.333801560100136, 'gaussian_q': 0.024345593304961843, 'gaussian_sigma': 1.263819095477387, 'clip': 5.0, 'distortion_Gaussian': 5.041908719646248, 'dist_to_fix_eps': 0.06619843989986385}
{'target_epsilon': 1.3437957963926077, 'distortion_PLRV': 1.0762116423548156, 'target_delta': 1.18874967309384e-05, 'C': 1.2758620689655173, 'sample_rate': 0.024345593304961843, 'G_k': 71.00502512562815, 'G_theta': 0.013273122368599757, 'steps': 124.0, '??': 100.0, 'distortion': 1.286556018116629, 'dist_to_fix_eps': 0.06619843989986385, 'a_G': 1, 'distributions': ['Gamma'], 'gaussian_eps': 1.333801560100136, 'gaussian_q': 0.024345593304961843, 'gaussian_sigma': 1.263819095477387, 'clip': 5.0, 'distortion_Gaussian': 5.041908719646248, 'diff_distortion': 3.9656970772914324}



fixed epsilon is 1.1

{'target_epsilon': 1.0846343796706694, 'distortion_PLRV': 1.4060804498457031, 'target_delta': 1.18874967309384e-05, 'C': 1.4137931034482758, 'sample_rate': 0.024345593304961843, 'G_k': 141.90954773869345, 'G_theta': 0.005047187155288639, 'steps': 124.0, '??': 150.0, 'distortion': 1.5871971509299763, 'dist_to_fix_eps': 0.015365620329330643}
      gaussian_eps  gaussian_q  ...  distortion_Gaussian  dist_to_fix_eps
19         1.07464    0.024346  ...             1.122652          0.02536
619        1.07464    0.024346  ...             1.587197          0.02536
819        1.07464    0.024346  ...             1.742046          0.02536
5819       1.07464    0.024346  ...             5.613258          0.02536
1019       1.07464    0.024346  ...             1.896894          0.02536
1219       1.07464    0.024346  ...             2.051743          0.02536
1419       1.07464    0.024346  ...             2.206591          0.02536
1619       1.07464    0.024346  ...             2.361440          0.02536
1819       1.07464    0.024346  ...             2.516288          0.02536
5619       1.07464    0.024346  ...             5.458410          0.02536
2019       1.07464    0.024346  ...             2.671137          0.02536
2219       1.07464    0.024346  ...             2.825985          0.02536
2419       1.07464    0.024346  ...             2.980834          0.02536
419        1.07464    0.024346  ...             1.432349          0.02536
2619       1.07464    0.024346  ...             3.135682          0.02536
5419       1.07464    0.024346  ...             5.303561          0.02536
3019       1.07464    0.024346  ...             3.445379          0.02536
3219       1.07464    0.024346  ...             3.600228          0.02536
3419       1.07464    0.024346  ...             3.755076          0.02536
3619       1.07464    0.024346  ...             3.909925          0.02536
3819       1.07464    0.024346  ...             4.064773          0.02536
5219       1.07464    0.024346  ...             5.148713          0.02536
4019       1.07464    0.024346  ...             4.219622          0.02536
4219       1.07464    0.024346  ...             4.374470          0.02536
4419       1.07464    0.024346  ...             4.529319          0.02536
4619       1.07464    0.024346  ...             4.684167          0.02536
4819       1.07464    0.024346  ...             4.839016          0.02536
2819       1.07464    0.024346  ...             3.290531          0.02536
219        1.07464    0.024346  ...             1.277500          0.02536
5019       1.07464    0.024346  ...             4.993864          0.02536

[30 rows x 6 columns]
5819
{'gaussian_eps': 1.0746398480132013, 'gaussian_q': 0.024345593304961843, 'gaussian_sigma': 1.4070351758793969, 'clip': 5.0, 'distortion_Gaussian': 5.613258216703575, 'dist_to_fix_eps': 0.02536015198679875}
{'target_epsilon': 1.0846343796706694, 'distortion_PLRV': 1.4060804498457031, 'target_delta': 1.18874967309384e-05, 'C': 1.4137931034482758, 'sample_rate': 0.024345593304961843, 'G_k': 141.90954773869345, 'G_theta': 0.005047187155288639, 'steps': 124.0, '??': 150.0, 'distortion': 1.5871971509299763, 'dist_to_fix_eps': 0.02536015198679875, 'a_G': 1, 'distributions': ['Gamma'], 'gaussian_eps': 1.0746398480132013, 'gaussian_q': 0.024345593304961843, 'gaussian_sigma': 1.4070351758793969, 'clip': 5.0, 'distortion_Gaussian': 5.613258216703575, 'diff_distortion': 4.207177766857872}



fixed epsilon is 0.8

{'target_epsilon': 0.7949565020990761, 'distortion_PLRV': 2.0637079891081216, 'target_delta': 1.18874967309384e-05, 'C': 1.5517241379310345, 'sample_rate': 0.024345593304961843, 'G_k': 57.336683417085425, 'G_theta': 0.008601228364042434, 'steps': 124.0, '??': 125.0, 'distortion': 2.0966763757711755, 'dist_to_fix_eps': 0.0050434979009239544}
      gaussian_eps  gaussian_q  ...  distortion_Gaussian  dist_to_fix_eps
25        0.784964    0.024346  ...             1.351191         0.015036
225       0.784964    0.024346  ...             1.537563         0.015036
4625      0.784964    0.024346  ...             5.637730         0.015036
425       0.784964    0.024346  ...             1.723934         0.015036
4425      0.784964    0.024346  ...             5.451359         0.015036
4225      0.784964    0.024346  ...             5.264987         0.015036
625       0.784964    0.024346  ...             1.910305         0.015036
4025      0.784964    0.024346  ...             5.078616         0.015036
825       0.784964    0.024346  ...             2.096676         0.015036
3825      0.784964    0.024346  ...             4.892245         0.015036
5225      0.784964    0.024346  ...             6.196844         0.015036
5825      0.784964    0.024346  ...             6.755957         0.015036
1025      0.784964    0.024346  ...             2.283048         0.015036
5025      0.784964    0.024346  ...             6.010472         0.015036
3625      0.784964    0.024346  ...             4.705874         0.015036
3425      0.784964    0.024346  ...             4.519502         0.015036
3225      0.784964    0.024346  ...             4.333131         0.015036
1425      0.784964    0.024346  ...             2.655790         0.015036
3025      0.784964    0.024346  ...             4.146760         0.015036
2825      0.784964    0.024346  ...             3.960389         0.015036
5425      0.784964    0.024346  ...             6.383215         0.015036
1625      0.784964    0.024346  ...             2.842161         0.015036
1825      0.784964    0.024346  ...             3.028533         0.015036
2625      0.784964    0.024346  ...             3.774017         0.015036
5625      0.784964    0.024346  ...             6.569586         0.015036
2425      0.784964    0.024346  ...             3.587646         0.015036
2025      0.784964    0.024346  ...             3.214904         0.015036
1225      0.784964    0.024346  ...             2.469419         0.015036
4825      0.784964    0.024346  ...             5.824101         0.015036
2225      0.784964    0.024346  ...             3.401275         0.015036

[30 rows x 6 columns]
5825
{'gaussian_eps': 0.7849636464344839, 'gaussian_q': 0.024345593304961843, 'gaussian_sigma': 1.693467336683417, 'clip': 5.0, 'distortion_Gaussian': 6.755957210818232, 'dist_to_fix_eps': 0.015036353565516136}
{'target_epsilon': 0.7949565020990761, 'distortion_PLRV': 2.0637079891081216, 'target_delta': 1.18874967309384e-05, 'C': 1.5517241379310345, 'sample_rate': 0.024345593304961843, 'G_k': 57.336683417085425, 'G_theta': 0.008601228364042434, 'steps': 124.0, '??': 125.0, 'distortion': 2.0966763757711755, 'dist_to_fix_eps': 0.015036353565516136, 'a_G': 1, 'distributions': ['Gamma'], 'gaussian_eps': 0.7849636464344839, 'gaussian_q': 0.024345593304961843, 'gaussian_sigma': 1.693467336683417, 'clip': 5.0, 'distortion_Gaussian': 6.755957210818232, 'diff_distortion': 4.69224922171011}



fixed epsilon is 0.5

