


fixed epsilon is 2.5

{'target_epsilon': 0.9507019870360627, 'distortion_PLRV': 1.0368523437172792, 'target_delta': 5.365555281316063e-06, 'C': 1.2758620689655173, 'sample_rate': 0.010988657216135298, 'G_k': 50.502512562814076, 'G_theta': 0.019483000588528226, 'steps': 274.0, 'lambda_max': 75.0, 'matching_entries': 1.286556018116629, 'dist_to_fix_eps': 1.5492980129639373}
      gaussian_eps  gaussian_q  ...  distortion_Gaussian  dist_to_fix_eps
8            2.268    0.010989  ...             0.703662            0.232
1608         2.268    0.010989  ...             1.480117            0.232
5608         2.268    0.010989  ...             3.421253            0.232
4808         2.268    0.010989  ...             3.033026            0.232
1808         2.268    0.010989  ...             1.577173            0.232
3408         2.268    0.010989  ...             2.353628            0.232
3208         2.268    0.010989  ...             2.256571            0.232
5408         2.268    0.010989  ...             3.324196            0.232
3008         2.268    0.010989  ...             2.159514            0.232
2808         2.268    0.010989  ...             2.062458            0.232
808          2.268    0.010989  ...             1.091889            0.232
2008         2.268    0.010989  ...             1.674230            0.232
608          2.268    0.010989  ...             0.994832            0.232
5008         2.268    0.010989  ...             3.130083            0.232
2608         2.268    0.010989  ...             1.965401            0.232
2408         2.268    0.010989  ...             1.868344            0.232
408          2.268    0.010989  ...             0.897776            0.232
3608         2.268    0.010989  ...             2.450685            0.232
2208         2.268    0.010989  ...             1.771287            0.232
5808         2.268    0.010989  ...             3.518310            0.232
1408         2.268    0.010989  ...             1.383060            0.232
1008         2.268    0.010989  ...             1.188946            0.232
4608         2.268    0.010989  ...             2.935969            0.232
4008         2.268    0.010989  ...             2.644799            0.232
3808         2.268    0.010989  ...             2.547742            0.232
4408         2.268    0.010989  ...             2.838912            0.232
1208         2.268    0.010989  ...             1.286003            0.232
5208         2.268    0.010989  ...             3.227140            0.232
208          2.268    0.010989  ...             0.800719            0.232
4208         2.268    0.010989  ...             2.741855            0.232

[30 rows x 6 columns]
5808
{'gaussian_eps': 2.268000206651822, 'gaussian_q': 0.010988657216135298, 'gaussian_sigma': 0.8819095477386935, 'gaussian_clip': 5.0, 'distortion_Gaussian': 3.5183100608267055, 'dist_to_fix_eps': 0.23199979334817789}
{'target_epsilon': 0.9507019870360627, 'distortion_PLRV': 1.0368523437172792, 'target_delta': 5.365555281316063e-06, 'C': 1.2758620689655173, 'sample_rate': 0.010988657216135298, 'G_k': 50.502512562814076, 'G_theta': 0.019483000588528226, 'steps': 274.0, 'lambda_max': 75.0, 'matching_entries': 1.286556018116629, 'dist_to_fix_eps': 0.23199979334817789, 'a_G': 1, 'distributions': ['Gamma'], 'gaussian_eps': 2.268000206651822, 'gaussian_q': 0.010988657216135298, 'gaussian_sigma': 0.8819095477386935, 'gaussian_clip': 5.0, 'distortion_Gaussian': 3.5183100608267055, 'diff_distortion': 2.4814577171094263}



fixed epsilon is 1.9

{'target_epsilon': 0.9507019870360627, 'distortion_PLRV': 1.0368523437172792, 'target_delta': 5.365555281316063e-06, 'C': 1.2758620689655173, 'sample_rate': 0.010988657216135298, 'G_k': 50.502512562814076, 'G_theta': 0.019483000588528226, 'steps': 274.0, 'lambda_max': 75.0, 'matching_entries': 1.286556018116629, 'dist_to_fix_eps': 0.9492980129639372}
      gaussian_eps  gaussian_q  ...  distortion_Gaussian  dist_to_fix_eps
10         1.70136    0.010989  ...             0.779842          0.19864
4610       1.70136    0.010989  ...             3.253823          0.19864
4410       1.70136    0.010989  ...             3.146259          0.19864
4210       1.70136    0.010989  ...             3.038694          0.19864
5210       1.70136    0.010989  ...             3.576517          0.19864
4010       1.70136    0.010989  ...             2.931130          0.19864
210        1.70136    0.010989  ...             0.887406          0.19864
3810       1.70136    0.010989  ...             2.823566          0.19864
3610       1.70136    0.010989  ...             2.716001          0.19864
3410       1.70136    0.010989  ...             2.608437          0.19864
3210       1.70136    0.010989  ...             2.500872          0.19864
5410       1.70136    0.010989  ...             3.684081          0.19864
3010       1.70136    0.010989  ...             2.393308          0.19864
4810       1.70136    0.010989  ...             3.361388          0.19864
2810       1.70136    0.010989  ...             2.285744          0.19864
2610       1.70136    0.010989  ...             2.178179          0.19864
2410       1.70136    0.010989  ...             2.070615          0.19864
2210       1.70136    0.010989  ...             1.963050          0.19864
5610       1.70136    0.010989  ...             3.791645          0.19864
2010       1.70136    0.010989  ...             1.855486          0.19864
1810       1.70136    0.010989  ...             1.747922          0.19864
610        1.70136    0.010989  ...             1.102535          0.19864
1610       1.70136    0.010989  ...             1.640357          0.19864
1410       1.70136    0.010989  ...             1.532793          0.19864
1210       1.70136    0.010989  ...             1.425228          0.19864
5810       1.70136    0.010989  ...             3.899210          0.19864
1010       1.70136    0.010989  ...             1.317664          0.19864
410        1.70136    0.010989  ...             0.994971          0.19864
5010       1.70136    0.010989  ...             3.468952          0.19864
810        1.70136    0.010989  ...             1.210100          0.19864

[30 rows x 6 columns]
5810
{'gaussian_eps': 1.7013598326174355, 'gaussian_q': 0.010988657216135298, 'gaussian_sigma': 0.9773869346733668, 'gaussian_clip': 5.0, 'distortion_Gaussian': 3.899209725531591, 'dist_to_fix_eps': 0.1986401673825644}
{'target_epsilon': 0.9507019870360627, 'distortion_PLRV': 1.0368523437172792, 'target_delta': 5.365555281316063e-06, 'C': 1.2758620689655173, 'sample_rate': 0.010988657216135298, 'G_k': 50.502512562814076, 'G_theta': 0.019483000588528226, 'steps': 274.0, 'lambda_max': 75.0, 'matching_entries': 1.286556018116629, 'dist_to_fix_eps': 0.1986401673825644, 'a_G': 1, 'distributions': ['Gamma'], 'gaussian_eps': 1.7013598326174355, 'gaussian_q': 0.010988657216135298, 'gaussian_sigma': 0.9773869346733668, 'gaussian_clip': 5.0, 'distortion_Gaussian': 3.899209725531591, 'diff_distortion': 2.862357381814312}



fixed epsilon is 1.7

{'target_epsilon': 0.9507019870360627, 'distortion_PLRV': 1.0368523437172792, 'target_delta': 5.365555281316063e-06, 'C': 1.2758620689655173, 'sample_rate': 0.010988657216135298, 'G_k': 50.502512562814076, 'G_theta': 0.019483000588528226, 'steps': 274.0, 'lambda_max': 75.0, 'matching_entries': 1.286556018116629, 'dist_to_fix_eps': 0.7492980129639373}
      gaussian_eps  gaussian_q  ...  distortion_Gaussian  dist_to_fix_eps
11        1.529943    0.010989  ...             0.817932         0.170057
4611      1.529943    0.010989  ...             3.412750         0.170057
4411      1.529943    0.010989  ...             3.299932         0.170057
4211      1.529943    0.010989  ...             3.187114         0.170057
5211      1.529943    0.010989  ...             3.751205         0.170057
4011      1.529943    0.010989  ...             3.074296         0.170057
3811      1.529943    0.010989  ...             2.961478         0.170057
3611      1.529943    0.010989  ...             2.848659         0.170057
211       1.529943    0.010989  ...             0.930750         0.170057
3411      1.529943    0.010989  ...             2.735841         0.170057
3211      1.529943    0.010989  ...             2.623023         0.170057
5411      1.529943    0.010989  ...             3.864023         0.170057
3011      1.529943    0.010989  ...             2.510205         0.170057
4811      1.529943    0.010989  ...             3.525569         0.170057
2811      1.529943    0.010989  ...             2.397387         0.170057
2411      1.529943    0.010989  ...             2.171750         0.170057
2211      1.529943    0.010989  ...             2.058932         0.170057
5611      1.529943    0.010989  ...             3.976841         0.170057
411       1.529943    0.010989  ...             1.043568         0.170057
2011      1.529943    0.010989  ...             1.946114         0.170057
1811      1.529943    0.010989  ...             1.833296         0.170057
1611      1.529943    0.010989  ...             1.720477         0.170057
1411      1.529943    0.010989  ...             1.607659         0.170057
1211      1.529943    0.010989  ...             1.494841         0.170057
5811      1.529943    0.010989  ...             4.089660         0.170057
1011      1.529943    0.010989  ...             1.382023         0.170057
811       1.529943    0.010989  ...             1.269205         0.170057
2611      1.529943    0.010989  ...             2.284568         0.170057
5011      1.529943    0.010989  ...             3.638387         0.170057
611       1.529943    0.010989  ...             1.156386         0.170057

[30 rows x 6 columns]
5811
{'gaussian_eps': 1.5299426391037723, 'gaussian_q': 0.010988657216135298, 'gaussian_sigma': 1.0251256281407035, 'gaussian_clip': 5.0, 'distortion_Gaussian': 4.089659557884034, 'dist_to_fix_eps': 0.1700573608962277}
{'target_epsilon': 0.9507019870360627, 'distortion_PLRV': 1.0368523437172792, 'target_delta': 5.365555281316063e-06, 'C': 1.2758620689655173, 'sample_rate': 0.010988657216135298, 'G_k': 50.502512562814076, 'G_theta': 0.019483000588528226, 'steps': 274.0, 'lambda_max': 75.0, 'matching_entries': 1.286556018116629, 'dist_to_fix_eps': 0.1700573608962277, 'a_G': 1, 'distributions': ['Gamma'], 'gaussian_eps': 1.5299426391037723, 'gaussian_q': 0.010988657216135298, 'gaussian_sigma': 1.0251256281407035, 'gaussian_clip': 5.0, 'distortion_Gaussian': 4.089659557884034, 'diff_distortion': 3.052807214166755}



fixed epsilon is 1.4

{'target_epsilon': 0.9507019870360627, 'distortion_PLRV': 1.0368523437172792, 'target_delta': 5.365555281316063e-06, 'C': 1.2758620689655173, 'sample_rate': 0.010988657216135298, 'G_k': 50.502512562814076, 'G_theta': 0.019483000588528226, 'steps': 274.0, 'lambda_max': 75.0, 'matching_entries': 1.286556018116629, 'dist_to_fix_eps': 0.44929801296393723}
      gaussian_eps  gaussian_q  ...  distortion_Gaussian  dist_to_fix_eps
12        1.383505    0.010989  ...             0.856022         0.016495
4412      1.383505    0.010989  ...             3.453606         0.016495
4212      1.383505    0.010989  ...             3.335534         0.016495
5212      1.383505    0.010989  ...             3.925893         0.016495
4012      1.383505    0.010989  ...             3.217462         0.016495
3812      1.383505    0.010989  ...             3.099390         0.016495
3612      1.383505    0.010989  ...             2.981318         0.016495
3412      1.383505    0.010989  ...             2.863246         0.016495
3212      1.383505    0.010989  ...             2.745174         0.016495
5412      1.383505    0.010989  ...             4.043965         0.016495
3012      1.383505    0.010989  ...             2.627102         0.016495
212       1.383505    0.010989  ...             0.974094         0.016495
2812      1.383505    0.010989  ...             2.509030         0.016495
2612      1.383505    0.010989  ...             2.390958         0.016495
2412      1.383505    0.010989  ...             2.272886         0.016495
2212      1.383505    0.010989  ...             2.154814         0.016495
5612      1.383505    0.010989  ...             4.162037         0.016495
2012      1.383505    0.010989  ...             2.036742         0.016495
1812      1.383505    0.010989  ...             1.918670         0.016495
1612      1.383505    0.010989  ...             1.800598         0.016495
1412      1.383505    0.010989  ...             1.682526         0.016495
1212      1.383505    0.010989  ...             1.564454         0.016495
5812      1.383505    0.010989  ...             4.280109         0.016495
1012      1.383505    0.010989  ...             1.446382         0.016495
412       1.383505    0.010989  ...             1.092166         0.016495
812       1.383505    0.010989  ...             1.328310         0.016495
4612      1.383505    0.010989  ...             3.571677         0.016495
4812      1.383505    0.010989  ...             3.689749         0.016495
612       1.383505    0.010989  ...             1.210238         0.016495
5012      1.383505    0.010989  ...             3.807821         0.016495

[30 rows x 6 columns]
5812
{'gaussian_eps': 1.3835051101772442, 'gaussian_q': 0.010988657216135298, 'gaussian_sigma': 1.0728643216080402, 'gaussian_clip': 5.0, 'distortion_Gaussian': 4.280109390236476, 'dist_to_fix_eps': 0.01649488982275571}
{'target_epsilon': 0.9507019870360627, 'distortion_PLRV': 1.0368523437172792, 'target_delta': 5.365555281316063e-06, 'C': 1.2758620689655173, 'sample_rate': 0.010988657216135298, 'G_k': 50.502512562814076, 'G_theta': 0.019483000588528226, 'steps': 274.0, 'lambda_max': 75.0, 'matching_entries': 1.286556018116629, 'dist_to_fix_eps': 0.01649488982275571, 'a_G': 1, 'distributions': ['Gamma'], 'gaussian_eps': 1.3835051101772442, 'gaussian_q': 0.010988657216135298, 'gaussian_sigma': 1.0728643216080402, 'gaussian_clip': 5.0, 'distortion_Gaussian': 4.280109390236476, 'diff_distortion': 3.243257046519197}



fixed epsilon is 1.1

{'target_epsilon': 0.9507019870360627, 'distortion_PLRV': 1.0368523437172792, 'target_delta': 5.365555281316063e-06, 'C': 1.2758620689655173, 'sample_rate': 0.010988657216135298, 'G_k': 50.502512562814076, 'G_theta': 0.019483000588528226, 'steps': 274.0, 'lambda_max': 75.0, 'matching_entries': 1.286556018116629, 'dist_to_fix_eps': 0.1492980129639374}
      gaussian_eps  gaussian_q  ...  distortion_Gaussian  dist_to_fix_eps
15        1.022449    0.010989  ...             0.970292         0.077551
615       1.022449    0.010989  ...             1.371792         0.077551
815       1.022449    0.010989  ...             1.505625         0.077551
5815      1.022449    0.010989  ...             4.851459         0.077551
1015      1.022449    0.010989  ...             1.639459         0.077551
1215      1.022449    0.010989  ...             1.773292         0.077551
1415      1.022449    0.010989  ...             1.907125         0.077551
1615      1.022449    0.010989  ...             2.040959         0.077551
1815      1.022449    0.010989  ...             2.174792         0.077551
5615      1.022449    0.010989  ...             4.717626         0.077551
2015      1.022449    0.010989  ...             2.308625         0.077551
2215      1.022449    0.010989  ...             2.442459         0.077551
2415      1.022449    0.010989  ...             2.576292         0.077551
415       1.022449    0.010989  ...             1.237958         0.077551
2615      1.022449    0.010989  ...             2.710125         0.077551
5415      1.022449    0.010989  ...             4.583792         0.077551
3015      1.022449    0.010989  ...             2.977792         0.077551
3215      1.022449    0.010989  ...             3.111625         0.077551
3415      1.022449    0.010989  ...             3.245459         0.077551
3615      1.022449    0.010989  ...             3.379292         0.077551
3815      1.022449    0.010989  ...             3.513125         0.077551
5215      1.022449    0.010989  ...             4.449959         0.077551
4015      1.022449    0.010989  ...             3.646959         0.077551
4215      1.022449    0.010989  ...             3.780792         0.077551
4415      1.022449    0.010989  ...             3.914625         0.077551
4615      1.022449    0.010989  ...             4.048459         0.077551
4815      1.022449    0.010989  ...             4.182292         0.077551
2815      1.022449    0.010989  ...             2.843959         0.077551
215       1.022449    0.010989  ...             1.104125         0.077551
5015      1.022449    0.010989  ...             4.316125         0.077551

[30 rows x 6 columns]
5815
{'gaussian_eps': 1.0224491273512712, 'gaussian_q': 0.010988657216135298, 'gaussian_sigma': 1.2160804020100504, 'gaussian_clip': 5.0, 'distortion_Gaussian': 4.851458887293806, 'dist_to_fix_eps': 0.07755087264872884}
{'target_epsilon': 0.9507019870360627, 'distortion_PLRV': 1.0368523437172792, 'target_delta': 5.365555281316063e-06, 'C': 1.2758620689655173, 'sample_rate': 0.010988657216135298, 'G_k': 50.502512562814076, 'G_theta': 0.019483000588528226, 'steps': 274.0, 'lambda_max': 75.0, 'matching_entries': 1.286556018116629, 'dist_to_fix_eps': 0.07755087264872884, 'a_G': 1, 'distributions': ['Gamma'], 'gaussian_eps': 1.0224491273512712, 'gaussian_q': 0.010988657216135298, 'gaussian_sigma': 1.2160804020100504, 'gaussian_clip': 5.0, 'distortion_Gaussian': 4.851458887293806, 'diff_distortion': 3.8146065435765264}



fixed epsilon is 0.8

{'target_epsilon': 0.7999903762097662, 'distortion_PLRV': 1.1753008790528054, 'target_delta': 5.365555281316063e-06, 'C': 1.2758620689655173, 'sample_rate': 0.010988657216135298, 'G_k': 101.75879396984925, 'G_theta': 0.008444384082575036, 'steps': 274.0, 'lambda_max': 125.0, 'matching_entries': 1.3837511049723579, 'dist_to_fix_eps': 9.62379023383697e-06}
      gaussian_eps  gaussian_q  ...  distortion_Gaussian  dist_to_fix_eps
19        0.746718    0.010989  ...             1.122652         0.053282
619       0.746718    0.010989  ...             1.587197         0.053282
819       0.746718    0.010989  ...             1.742046         0.053282
5819      0.746718    0.010989  ...             5.613258         0.053282
1019      0.746718    0.010989  ...             1.896894         0.053282
1219      0.746718    0.010989  ...             2.051743         0.053282
1419      0.746718    0.010989  ...             2.206591         0.053282
1619      0.746718    0.010989  ...             2.361440         0.053282
1819      0.746718    0.010989  ...             2.516288         0.053282
5619      0.746718    0.010989  ...             5.458410         0.053282
2019      0.746718    0.010989  ...             2.671137         0.053282
2219      0.746718    0.010989  ...             2.825985         0.053282
2419      0.746718    0.010989  ...             2.980834         0.053282
419       0.746718    0.010989  ...             1.432349         0.053282
2619      0.746718    0.010989  ...             3.135682         0.053282
5419      0.746718    0.010989  ...             5.303561         0.053282
3019      0.746718    0.010989  ...             3.445379         0.053282
3219      0.746718    0.010989  ...             3.600228         0.053282
3419      0.746718    0.010989  ...             3.755076         0.053282
3619      0.746718    0.010989  ...             3.909925         0.053282
3819      0.746718    0.010989  ...             4.064773         0.053282
5219      0.746718    0.010989  ...             5.148713         0.053282
4019      0.746718    0.010989  ...             4.219622         0.053282
4219      0.746718    0.010989  ...             4.374470         0.053282
4419      0.746718    0.010989  ...             4.529319         0.053282
4619      0.746718    0.010989  ...             4.684167         0.053282
4819      0.746718    0.010989  ...             4.839016         0.053282
2819      0.746718    0.010989  ...             3.290531         0.053282
219       0.746718    0.010989  ...             1.277500         0.053282
5019      0.746718    0.010989  ...             4.993864         0.053282

[30 rows x 6 columns]
5819
{'gaussian_eps': 0.7467176713926793, 'gaussian_q': 0.010988657216135298, 'gaussian_sigma': 1.4070351758793969, 'gaussian_clip': 5.0, 'distortion_Gaussian': 5.613258216703575, 'dist_to_fix_eps': 0.05328232860732074}
{'target_epsilon': 0.7999903762097662, 'distortion_PLRV': 1.1753008790528054, 'target_delta': 5.365555281316063e-06, 'C': 1.2758620689655173, 'sample_rate': 0.010988657216135298, 'G_k': 101.75879396984925, 'G_theta': 0.008444384082575036, 'steps': 274.0, 'lambda_max': 125.0, 'matching_entries': 1.3837511049723579, 'dist_to_fix_eps': 0.05328232860732074, 'a_G': 1, 'distributions': ['Gamma'], 'gaussian_eps': 0.7467176713926793, 'gaussian_q': 0.010988657216135298, 'gaussian_sigma': 1.4070351758793969, 'gaussian_clip': 5.0, 'distortion_Gaussian': 5.613258216703575, 'diff_distortion': 4.4379573376507695}



fixed epsilon is 0.5

{'target_epsilon': 0.49822648092259525, 'distortion_PLRV': 2.1957847812644506, 'target_delta': 5.365555281316063e-06, 'C': 1.5517241379310345, 'sample_rate': 0.010988657216135298, 'G_k': 75.27638190954774, 'G_theta': 0.006131397729387679, 'steps': 274.0, 'lambda_max': 150.0, 'matching_entries': 2.214886616541657, 'dist_to_fix_eps': 0.0017735190774047505}
      gaussian_eps  gaussian_q  ...  distortion_Gaussian  dist_to_fix_eps
27        0.488229    0.010989  ...             1.427371         0.011771
1427      0.488229    0.010989  ...             2.805523         0.011771
5427      0.488229    0.010989  ...             6.743099         0.011771
2827      0.488229    0.010989  ...             4.183675         0.011771
4027      0.488229    0.010989  ...             5.364948         0.011771
1227      0.488229    0.010989  ...             2.608644         0.011771
3227      0.488229    0.010989  ...             4.577432         0.011771
4427      0.488229    0.010989  ...             5.758705         0.011771
3427      0.488229    0.010989  ...             4.774311         0.011771
427       0.488229    0.010989  ...             1.821129         0.011771
1027      0.488229    0.010989  ...             2.411765         0.011771
5827      0.488229    0.010989  ...             7.136857         0.011771
3627      0.488229    0.010989  ...             4.971190         0.011771
827       0.488229    0.010989  ...             2.214887         0.011771
5227      0.488229    0.010989  ...             6.546220         0.011771
3827      0.488229    0.010989  ...             5.168069         0.011771
4227      0.488229    0.010989  ...             5.561826         0.011771
627       0.488229    0.010989  ...             2.018008         0.011771
227       0.488229    0.010989  ...             1.624250         0.011771
2627      0.488229    0.010989  ...             3.986796         0.011771
3027      0.488229    0.010989  ...             4.380554         0.011771
2427      0.488229    0.010989  ...             3.789917         0.011771
2227      0.488229    0.010989  ...             3.593038         0.011771
5027      0.488229    0.010989  ...             6.349342         0.011771
1827      0.488229    0.010989  ...             3.199281         0.011771
2027      0.488229    0.010989  ...             3.396159         0.011771
5627      0.488229    0.010989  ...             6.939978         0.011771
4627      0.488229    0.010989  ...             5.955584         0.011771
1627      0.488229    0.010989  ...             3.002402         0.011771
4827      0.488229    0.010989  ...             6.152463         0.011771

[30 rows x 6 columns]
5827
{'gaussian_eps': 0.48822919040983026, 'gaussian_q': 0.010988657216135298, 'gaussian_sigma': 1.7889447236180904, 'gaussian_clip': 5.0, 'distortion_Gaussian': 7.136856875523118, 'dist_to_fix_eps': 0.01177080959016974}
{'target_epsilon': 0.49822648092259525, 'distortion_PLRV': 2.1957847812644506, 'target_delta': 5.365555281316063e-06, 'C': 1.5517241379310345, 'sample_rate': 0.010988657216135298, 'G_k': 75.27638190954774, 'G_theta': 0.006131397729387679, 'steps': 274.0, 'lambda_max': 150.0, 'matching_entries': 2.214886616541657, 'dist_to_fix_eps': 0.01177080959016974, 'a_G': 1, 'distributions': ['Gamma'], 'gaussian_eps': 0.48822919040983026, 'gaussian_q': 0.010988657216135298, 'gaussian_sigma': 1.7889447236180904, 'gaussian_clip': 5.0, 'distortion_Gaussian': 7.136856875523118, 'diff_distortion': 4.941072094258667}



fixed epsilon is 0.2

