


fixed epsilon is 2.5

{'target_epsilon': 1.334290179554566, 'distortion_PLRV': 1.025942555669562, 'target_delta': 1e-05, 'C': 1.2758620689655173, 'sample_rate': 0.02048, 'G_k': 43.66834170854271, 'G_theta': 0.022843949477115304, 'steps': 147.0, 'lambda_max': 50.0, 'matching_entries': 1.2379584746887642, 'dist_to_fix_eps': 1.165709820445434}
      gaussian_eps  gaussian_q  ...  distortion_Gaussian  dist_to_fix_eps
9         2.489893     0.02048  ...             0.741752         0.010107
3809      2.489893     0.02048  ...             2.685654         0.010107
2009      2.489893     0.02048  ...             1.764858         0.010107
5009      2.489893     0.02048  ...             3.299517         0.010107
4009      2.489893     0.02048  ...             2.787964         0.010107
2809      2.489893     0.02048  ...             2.174101         0.010107
1809      2.489893     0.02048  ...             1.662548         0.010107
209       2.489893     0.02048  ...             0.844063         0.010107
5209      2.489893     0.02048  ...             3.401828         0.010107
4209      2.489893     0.02048  ...             2.890275         0.010107
1609      2.489893     0.02048  ...             1.560237         0.010107
4409      2.489893     0.02048  ...             2.992586         0.010107
1409      2.489893     0.02048  ...             1.457926         0.010107
809       2.489893     0.02048  ...             1.150994         0.010107
4609      2.489893     0.02048  ...             3.094896         0.010107
4809      2.489893     0.02048  ...             3.197207         0.010107
1209      2.489893     0.02048  ...             1.355616         0.010107
5809      2.489893     0.02048  ...             3.708760         0.010107
5609      2.489893     0.02048  ...             3.606449         0.010107
2209      2.489893     0.02048  ...             1.867169         0.010107
1009      2.489893     0.02048  ...             1.253305         0.010107
3209      2.489893     0.02048  ...             2.378722         0.010107
409       2.489893     0.02048  ...             0.946373         0.010107
2409      2.489893     0.02048  ...             1.969479         0.010107
2609      2.489893     0.02048  ...             2.071790         0.010107
609       2.489893     0.02048  ...             1.048684         0.010107
3409      2.489893     0.02048  ...             2.481032         0.010107
3609      2.489893     0.02048  ...             2.583343         0.010107
3009      2.489893     0.02048  ...             2.276411         0.010107
5409      2.489893     0.02048  ...             3.504139         0.010107

[30 rows x 6 columns]
5809
{'gaussian_eps': 2.489892855917188, 'gaussian_q': 0.02048, 'gaussian_sigma': 0.9296482412060301, 'gaussian_clip': 5.0, 'distortion_Gaussian': 3.7087598931791477, 'dist_to_fix_eps': 0.010107144082811992}
{'target_epsilon': 1.334290179554566, 'distortion_PLRV': 1.025942555669562, 'target_delta': 1e-05, 'C': 1.2758620689655173, 'sample_rate': 0.02048, 'G_k': 43.66834170854271, 'G_theta': 0.022843949477115304, 'steps': 147.0, 'lambda_max': 50.0, 'matching_entries': 1.2379584746887642, 'dist_to_fix_eps': 0.010107144082811992, 'a_G': 1, 'distributions': ['Gamma'], 'gaussian_eps': 2.489892855917188, 'gaussian_q': 0.02048, 'gaussian_sigma': 0.9296482412060301, 'gaussian_clip': 5.0, 'distortion_Gaussian': 3.7087598931791477, 'diff_distortion': 2.6828173375095856}



fixed epsilon is 1.9

{'target_epsilon': 1.334290179554566, 'distortion_PLRV': 1.025942555669562, 'target_delta': 1e-05, 'C': 1.2758620689655173, 'sample_rate': 0.02048, 'G_k': 43.66834170854271, 'G_theta': 0.022843949477115304, 'steps': 147.0, 'lambda_max': 50.0, 'matching_entries': 1.2379584746887642, 'dist_to_fix_eps': 0.5657098204454338}
      gaussian_eps  gaussian_q  ...  distortion_Gaussian  dist_to_fix_eps
12        1.753689     0.02048  ...             0.856022         0.146311
4412      1.753689     0.02048  ...             3.453606         0.146311
4212      1.753689     0.02048  ...             3.335534         0.146311
5212      1.753689     0.02048  ...             3.925893         0.146311
4012      1.753689     0.02048  ...             3.217462         0.146311
3812      1.753689     0.02048  ...             3.099390         0.146311
3612      1.753689     0.02048  ...             2.981318         0.146311
3412      1.753689     0.02048  ...             2.863246         0.146311
3212      1.753689     0.02048  ...             2.745174         0.146311
5412      1.753689     0.02048  ...             4.043965         0.146311
3012      1.753689     0.02048  ...             2.627102         0.146311
212       1.753689     0.02048  ...             0.974094         0.146311
2812      1.753689     0.02048  ...             2.509030         0.146311
2612      1.753689     0.02048  ...             2.390958         0.146311
2412      1.753689     0.02048  ...             2.272886         0.146311
2212      1.753689     0.02048  ...             2.154814         0.146311
5612      1.753689     0.02048  ...             4.162037         0.146311
2012      1.753689     0.02048  ...             2.036742         0.146311
1812      1.753689     0.02048  ...             1.918670         0.146311
1612      1.753689     0.02048  ...             1.800598         0.146311
1412      1.753689     0.02048  ...             1.682526         0.146311
1212      1.753689     0.02048  ...             1.564454         0.146311
5812      1.753689     0.02048  ...             4.280109         0.146311
1012      1.753689     0.02048  ...             1.446382         0.146311
412       1.753689     0.02048  ...             1.092166         0.146311
812       1.753689     0.02048  ...             1.328310         0.146311
4612      1.753689     0.02048  ...             3.571677         0.146311
4812      1.753689     0.02048  ...             3.689749         0.146311
612       1.753689     0.02048  ...             1.210238         0.146311
5012      1.753689     0.02048  ...             3.807821         0.146311

[30 rows x 6 columns]
5812
{'gaussian_eps': 1.7536886563037883, 'gaussian_q': 0.02048, 'gaussian_sigma': 1.0728643216080402, 'gaussian_clip': 5.0, 'distortion_Gaussian': 4.280109390236476, 'dist_to_fix_eps': 0.14631134369621157}
{'target_epsilon': 1.334290179554566, 'distortion_PLRV': 1.025942555669562, 'target_delta': 1e-05, 'C': 1.2758620689655173, 'sample_rate': 0.02048, 'G_k': 43.66834170854271, 'G_theta': 0.022843949477115304, 'steps': 147.0, 'lambda_max': 50.0, 'matching_entries': 1.2379584746887642, 'dist_to_fix_eps': 0.14631134369621157, 'a_G': 1, 'distributions': ['Gamma'], 'gaussian_eps': 1.7536886563037883, 'gaussian_q': 0.02048, 'gaussian_sigma': 1.0728643216080402, 'gaussian_clip': 5.0, 'distortion_Gaussian': 4.280109390236476, 'diff_distortion': 3.2541668345669144}



fixed epsilon is 1.7

{'target_epsilon': 1.334290179554566, 'distortion_PLRV': 1.025942555669562, 'target_delta': 1e-05, 'C': 1.2758620689655173, 'sample_rate': 0.02048, 'G_k': 43.66834170854271, 'G_theta': 0.022843949477115304, 'steps': 147.0, 'lambda_max': 50.0, 'matching_entries': 1.2379584746887642, 'dist_to_fix_eps': 0.3657098204454339}
      gaussian_eps  gaussian_q  ...  distortion_Gaussian  dist_to_fix_eps
13         1.60282     0.02048  ...             0.894112          0.09718
4213       1.60282     0.02048  ...             3.483953          0.09718
5213       1.60282     0.02048  ...             4.100582          0.09718
4013       1.60282     0.02048  ...             3.360627          0.09718
3813       1.60282     0.02048  ...             3.237302          0.09718
3613       1.60282     0.02048  ...             3.113976          0.09718
3413       1.60282     0.02048  ...             2.990650          0.09718
3213       1.60282     0.02048  ...             2.867324          0.09718
5413       1.60282     0.02048  ...             4.223908          0.09718
3013       1.60282     0.02048  ...             2.743998          0.09718
2813       1.60282     0.02048  ...             2.620673          0.09718
2613       1.60282     0.02048  ...             2.497347          0.09718
4413       1.60282     0.02048  ...             3.607279          0.09718
2413       1.60282     0.02048  ...             2.374021          0.09718
5613       1.60282     0.02048  ...             4.347233          0.09718
2013       1.60282     0.02048  ...             2.127370          0.09718
1813       1.60282     0.02048  ...             2.004044          0.09718
213        1.60282     0.02048  ...             1.017438          0.09718
1613       1.60282     0.02048  ...             1.880718          0.09718
1413       1.60282     0.02048  ...             1.757392          0.09718
1213       1.60282     0.02048  ...             1.634066          0.09718
1013       1.60282     0.02048  ...             1.510741          0.09718
5813       1.60282     0.02048  ...             4.470559          0.09718
813        1.60282     0.02048  ...             1.387415          0.09718
613        1.60282     0.02048  ...             1.264089          0.09718
2213       1.60282     0.02048  ...             2.250695          0.09718
4613       1.60282     0.02048  ...             3.730605          0.09718
413        1.60282     0.02048  ...             1.140763          0.09718
4813       1.60282     0.02048  ...             3.853930          0.09718
5013       1.60282     0.02048  ...             3.977256          0.09718

[30 rows x 6 columns]
5813
{'gaussian_eps': 1.6028204323301427, 'gaussian_q': 0.02048, 'gaussian_sigma': 1.120603015075377, 'gaussian_clip': 5.0, 'distortion_Gaussian': 4.4705592225889195, 'dist_to_fix_eps': 0.09717956766985725}
{'target_epsilon': 1.334290179554566, 'distortion_PLRV': 1.025942555669562, 'target_delta': 1e-05, 'C': 1.2758620689655173, 'sample_rate': 0.02048, 'G_k': 43.66834170854271, 'G_theta': 0.022843949477115304, 'steps': 147.0, 'lambda_max': 50.0, 'matching_entries': 1.2379584746887642, 'dist_to_fix_eps': 0.09717956766985725, 'a_G': 1, 'distributions': ['Gamma'], 'gaussian_eps': 1.6028204323301427, 'gaussian_q': 0.02048, 'gaussian_sigma': 1.120603015075377, 'gaussian_clip': 5.0, 'distortion_Gaussian': 4.4705592225889195, 'diff_distortion': 3.4446166669193574}



fixed epsilon is 1.4

{'target_epsilon': 1.334290179554566, 'distortion_PLRV': 1.025942555669562, 'target_delta': 1e-05, 'C': 1.2758620689655173, 'sample_rate': 0.02048, 'G_k': 43.66834170854271, 'G_theta': 0.022843949477115304, 'steps': 147.0, 'lambda_max': 50.0, 'matching_entries': 1.2379584746887642, 'dist_to_fix_eps': 0.06570982044543383}
      gaussian_eps  gaussian_q  ...  distortion_Gaussian  dist_to_fix_eps
15        1.324313     0.02048  ...             0.970292         0.075687
615       1.324313     0.02048  ...             1.371792         0.075687
815       1.324313     0.02048  ...             1.505625         0.075687
5815      1.324313     0.02048  ...             4.851459         0.075687
1015      1.324313     0.02048  ...             1.639459         0.075687
1215      1.324313     0.02048  ...             1.773292         0.075687
1415      1.324313     0.02048  ...             1.907125         0.075687
1615      1.324313     0.02048  ...             2.040959         0.075687
1815      1.324313     0.02048  ...             2.174792         0.075687
5615      1.324313     0.02048  ...             4.717626         0.075687
2015      1.324313     0.02048  ...             2.308625         0.075687
2215      1.324313     0.02048  ...             2.442459         0.075687
2415      1.324313     0.02048  ...             2.576292         0.075687
415       1.324313     0.02048  ...             1.237958         0.075687
2615      1.324313     0.02048  ...             2.710125         0.075687
5415      1.324313     0.02048  ...             4.583792         0.075687
3015      1.324313     0.02048  ...             2.977792         0.075687
3215      1.324313     0.02048  ...             3.111625         0.075687
3415      1.324313     0.02048  ...             3.245459         0.075687
3615      1.324313     0.02048  ...             3.379292         0.075687
3815      1.324313     0.02048  ...             3.513125         0.075687
5215      1.324313     0.02048  ...             4.449959         0.075687
4015      1.324313     0.02048  ...             3.646959         0.075687
4215      1.324313     0.02048  ...             3.780792         0.075687
4415      1.324313     0.02048  ...             3.914625         0.075687
4615      1.324313     0.02048  ...             4.048459         0.075687
4815      1.324313     0.02048  ...             4.182292         0.075687
2815      1.324313     0.02048  ...             2.843959         0.075687
215       1.324313     0.02048  ...             1.104125         0.075687
5015      1.324313     0.02048  ...             4.316125         0.075687

[30 rows x 6 columns]
5815
{'gaussian_eps': 1.3243132501072608, 'gaussian_q': 0.02048, 'gaussian_sigma': 1.2160804020100504, 'gaussian_clip': 5.0, 'distortion_Gaussian': 4.851458887293806, 'dist_to_fix_eps': 0.07568674989273916}
{'target_epsilon': 1.334290179554566, 'distortion_PLRV': 1.025942555669562, 'target_delta': 1e-05, 'C': 1.2758620689655173, 'sample_rate': 0.02048, 'G_k': 43.66834170854271, 'G_theta': 0.022843949477115304, 'steps': 147.0, 'lambda_max': 50.0, 'matching_entries': 1.2379584746887642, 'dist_to_fix_eps': 0.07568674989273916, 'a_G': 1, 'distributions': ['Gamma'], 'gaussian_eps': 1.3243132501072608, 'gaussian_q': 0.02048, 'gaussian_sigma': 1.2160804020100504, 'gaussian_clip': 5.0, 'distortion_Gaussian': 4.851458887293806, 'diff_distortion': 3.8255163316242435}



fixed epsilon is 1.1

{'target_epsilon': 1.060173662495429, 'distortion_PLRV': 1.8560802631066629, 'target_delta': 1e-05, 'C': 1.9655172413793105, 'sample_rate': 0.02048, 'G_k': 110.30150753768844, 'G_theta': 0.0049292074407123335, 'steps': 147.0, 'lambda_max': 125.0, 'matching_entries': 2.1317246752276864, 'dist_to_fix_eps': 0.0398263375045711}
      gaussian_eps  gaussian_q  ...  distortion_Gaussian  dist_to_fix_eps
18        1.050184     0.02048  ...             1.084562         0.049816
618       1.050184     0.02048  ...             1.533346         0.049816
818       1.050184     0.02048  ...             1.682941         0.049816
5818      1.050184     0.02048  ...             5.422808         0.049816
1018      1.050184     0.02048  ...             1.832535         0.049816
1218      1.050184     0.02048  ...             1.982130         0.049816
1418      1.050184     0.02048  ...             2.131725         0.049816
1618      1.050184     0.02048  ...             2.281319         0.049816
1818      1.050184     0.02048  ...             2.430914         0.049816
5618      1.050184     0.02048  ...             5.273214         0.049816
2018      1.050184     0.02048  ...             2.580509         0.049816
2218      1.050184     0.02048  ...             2.730104         0.049816
2418      1.050184     0.02048  ...             2.879698         0.049816
418       1.050184     0.02048  ...             1.383751         0.049816
2618      1.050184     0.02048  ...             3.029293         0.049816
5418      1.050184     0.02048  ...             5.123619         0.049816
3018      1.050184     0.02048  ...             3.328482         0.049816
3218      1.050184     0.02048  ...             3.478077         0.049816
3418      1.050184     0.02048  ...             3.627672         0.049816
3618      1.050184     0.02048  ...             3.777267         0.049816
3818      1.050184     0.02048  ...             3.926861         0.049816
5218      1.050184     0.02048  ...             4.974024         0.049816
4018      1.050184     0.02048  ...             4.076456         0.049816
4218      1.050184     0.02048  ...             4.226051         0.049816
4418      1.050184     0.02048  ...             4.375645         0.049816
4618      1.050184     0.02048  ...             4.525240         0.049816
4818      1.050184     0.02048  ...             4.674835         0.049816
2818      1.050184     0.02048  ...             3.178888         0.049816
218       1.050184     0.02048  ...             1.234156         0.049816
5018      1.050184     0.02048  ...             4.824430         0.049816

[30 rows x 6 columns]
5818
{'gaussian_eps': 1.0501839963813107, 'gaussian_q': 0.02048, 'gaussian_sigma': 1.3592964824120601, 'gaussian_clip': 5.0, 'distortion_Gaussian': 5.422808384351132, 'dist_to_fix_eps': 0.04981600361868943}
{'target_epsilon': 1.060173662495429, 'distortion_PLRV': 1.8560802631066629, 'target_delta': 1e-05, 'C': 1.9655172413793105, 'sample_rate': 0.02048, 'G_k': 110.30150753768844, 'G_theta': 0.0049292074407123335, 'steps': 147.0, 'lambda_max': 125.0, 'matching_entries': 2.1317246752276864, 'dist_to_fix_eps': 0.04981600361868943, 'a_G': 1, 'distributions': ['Gamma'], 'gaussian_eps': 1.0501839963813107, 'gaussian_q': 0.02048, 'gaussian_sigma': 1.3592964824120601, 'gaussian_clip': 5.0, 'distortion_Gaussian': 5.422808384351132, 'diff_distortion': 3.566728121244469}



fixed epsilon is 0.8

{'target_epsilon': 0.7944408973410557, 'distortion_PLRV': 1.9345514562603427, 'target_delta': 1e-05, 'C': 1.5517241379310345, 'sample_rate': 0.02048, 'G_k': 41.10552763819096, 'G_theta': 0.012888888888888887, 'steps': 147.0, 'lambda_max': 50.0, 'matching_entries': 1.978466135000694, 'dist_to_fix_eps': 0.005559102658944326}
      gaussian_eps  gaussian_q  ...  distortion_Gaussian  dist_to_fix_eps
23        0.784454     0.02048  ...             1.275012         0.015546
2623      0.784454     0.02048  ...             3.561239         0.015546
4823      0.784454     0.02048  ...             5.495739         0.015546
5023      0.784454     0.02048  ...             5.671603         0.015546
223       0.784454     0.02048  ...             1.450875         0.015546
2023      0.784454     0.02048  ...             3.033648         0.015546
5623      0.784454     0.02048  ...             6.199194         0.015546
4623      0.784454     0.02048  ...             5.319876         0.015546
2823      0.784454     0.02048  ...             3.737103         0.015546
423       0.784454     0.02048  ...             1.626739         0.015546
1823      0.784454     0.02048  ...             2.857784         0.015546
5423      0.784454     0.02048  ...             6.023330         0.015546
3023      0.784454     0.02048  ...             3.912966         0.015546
2223      0.784454     0.02048  ...             3.209512         0.015546
4423      0.784454     0.02048  ...             5.144012         0.015546
3223      0.784454     0.02048  ...             4.088830         0.015546
623       0.784454     0.02048  ...             1.802602         0.015546
1423      0.784454     0.02048  ...             2.506057         0.015546
3423      0.784454     0.02048  ...             4.264694         0.015546
4223      0.784454     0.02048  ...             4.968148         0.015546
1223      0.784454     0.02048  ...             2.330193         0.015546
3623      0.784454     0.02048  ...             4.440557         0.015546
823       0.784454     0.02048  ...             1.978466         0.015546
4023      0.784454     0.02048  ...             4.792285         0.015546
5223      0.784454     0.02048  ...             5.847467         0.015546
3823      0.784454     0.02048  ...             4.616421         0.015546
5823      0.784454     0.02048  ...             6.375058         0.015546
1623      0.784454     0.02048  ...             2.681921         0.015546
2423      0.784454     0.02048  ...             3.385375         0.015546
1023      0.784454     0.02048  ...             2.154330         0.015546

[30 rows x 6 columns]
5823
{'gaussian_eps': 0.7844540937960522, 'gaussian_q': 0.02048, 'gaussian_sigma': 1.5979899497487438, 'gaussian_clip': 5.0, 'distortion_Gaussian': 6.375057546113347, 'dist_to_fix_eps': 0.015545906203947801}
{'target_epsilon': 0.7944408973410557, 'distortion_PLRV': 1.9345514562603427, 'target_delta': 1e-05, 'C': 1.5517241379310345, 'sample_rate': 0.02048, 'G_k': 41.10552763819096, 'G_theta': 0.012888888888888887, 'steps': 147.0, 'lambda_max': 50.0, 'matching_entries': 1.978466135000694, 'dist_to_fix_eps': 0.015545906203947801, 'a_G': 1, 'distributions': ['Gamma'], 'gaussian_eps': 0.7844540937960522, 'gaussian_q': 0.02048, 'gaussian_sigma': 1.5979899497487438, 'gaussian_clip': 5.0, 'distortion_Gaussian': 6.375057546113347, 'diff_distortion': 4.440506089853004}



fixed epsilon is 0.5

