[2024-12-30 01:20:02,888] [INFO] [real_accelerator.py:133:get_accelerator] Setting ds_accelerator to cuda (auto detect)
qnli 104743 1024 3
p100 10000 1024 10
{'C': 0.1, 'array_alpha': 256, 'sample_size': 10000, 'target_delta': 5e-05, 'batch_size': 1024, 'sample_rate': 0.1024, 'epoch': 10, 'steps': 98, 'dataset': 'p100'}
not empty
[0.33503965351553, 0.335066505241238, 0.335093620352122, 0.335121002742456, 0.335148656383613, 0.335176585326064, 0.335204793701335, 0.335233285723999, 0.335262065693833, 0.33529113799797, 0.335320507113093, 0.335350177607784, 0.335380154144835, 0.335410441483745, 0.335441044483201, 0.335471968103692, 0.335503217410206, 0.33553479757495, 0.335566713880243, 0.335598971721442]
             G_k   G_theta PLRV_distortion target_epsilon
18470      100.0  0.010101        0.000102        0.33504
18270  99.522613   0.01015        0.000103       0.335067
18070  99.045226  0.010199        0.000104       0.335094
17870  98.567839  0.010249        0.000105       0.335121
17670  98.090452    0.0103        0.000106       0.335149
17470  97.613065  0.010351        0.000107       0.335177
17270  97.135678  0.010402        0.000108       0.335205
17070  96.658291  0.010454        0.000109       0.335233
16870  96.180905  0.010506         0.00011       0.335262
16670  95.703518  0.010559        0.000111       0.335291
16470  95.226131  0.010613        0.000113       0.335321
16270  94.748744  0.010667        0.000114        0.33535
16070  94.271357  0.010721        0.000115        0.33538
15870   93.79397  0.010777        0.000116        0.33541
15670  93.316583  0.010832        0.000117       0.335441
15470  92.839196  0.010889        0.000119       0.335472
15270  92.361809  0.010945         0.00012       0.335503
15070  91.884422  0.011003        0.000121       0.335535
14870  91.407035  0.011061        0.000122       0.335567
14670  90.929648   0.01112        0.000124       0.335599
target_delta: 1e-9, noise_multiplier: None, sigma: None

e2e 42061 1024 10
{'C': 0.1, 'array_alpha': 256, 'sample_size': 42061, 'target_delta': 1.18874967309384e-05, 'batch_size': 1024, 'sample_rate': 0.024345593304961843, 'epoch': 10, 'steps': 411, 'dataset': 'e2e'}
not empty
[0.172632454355299, 0.172645759601232, 0.172659195285454, 0.172672763335504, 0.17268646571703, 0.172700304434826, 0.172714281533793, 0.172728399099882, 0.172742659261215, 0.172757064189108, 0.172771616099189, 0.172786317252534, 0.172801169956818, 0.172816176567541, 0.172831339489284, 0.172846661176963, 0.172862144137176, 0.172877790929566, 0.17289360416822, 0.172909586523148]
             G_k   G_theta PLRV_distortion target_epsilon
18470      100.0  0.010101        0.000102       0.172632
18270  99.522613   0.01015        0.000103       0.172646
18070  99.045226  0.010199        0.000104       0.172659
17870  98.567839  0.010249        0.000105       0.172673
17670  98.090452    0.0103        0.000106       0.172686
17470  97.613065  0.010351        0.000107         0.1727
17270  97.135678  0.010402        0.000108       0.172714
17070  96.658291  0.010454        0.000109       0.172728
16870  96.180905  0.010506         0.00011       0.172743
16670  95.703518  0.010559        0.000111       0.172757
16470  95.226131  0.010613        0.000113       0.172772
16270  94.748744  0.010667        0.000114       0.172786
16070  94.271357  0.010721        0.000115       0.172801
15870   93.79397  0.010777        0.000116       0.172816
15670  93.316583  0.010832        0.000117       0.172831
15470  92.839196  0.010889        0.000119       0.172847
15270  92.361809  0.010945         0.00012       0.172862
15070  91.884422  0.011003        0.000121       0.172878
14870  91.407035  0.011061        0.000122       0.172894
14670  90.929648   0.01112        0.000124        0.17291
target_delta: 1e-9, noise_multiplier: None, sigma: None

cifar10 50000 1024 10
mnist 60000 1024 10
sst-2 67349 1024 3
{'C': 0.1, 'array_alpha': 256, 'sample_size': 67349, 'target_delta': 7.4240152043831385e-06, 'batch_size': 1024, 'sample_rate': 0.015204383138576668, 'epoch': 3, 'steps': 198, 'dataset': 'sst-2'}
not empty
[0.0723377148066757, 0.0723433440718804, 0.0723490285392104, 0.0723547690246376, 0.0723605663602795, 0.072366421394826, 0.0723723349939447, 0.0723783080406972, 0.0723843414359935, 0.0723904360990425, 0.0723965929678104, 0.0724028129995123, 0.0724090971710957, 0.0724154464797676, 0.0724218619435063, 0.0724283446016188, 0.0724348955152921, 0.0724415157681793, 0.0724482064669906, 0.0724549687421142]
             G_k   G_theta PLRV_distortion target_epsilon
18470      100.0  0.010101        0.000102       0.072338
18270  99.522613   0.01015        0.000103       0.072343
18070  99.045226  0.010199        0.000104       0.072349
17870  98.567839  0.010249        0.000105       0.072355
17670  98.090452    0.0103        0.000106       0.072361
17470  97.613065  0.010351        0.000107       0.072366
17270  97.135678  0.010402        0.000108       0.072372
17070  96.658291  0.010454        0.000109       0.072378
16870  96.180905  0.010506         0.00011       0.072384
16670  95.703518  0.010559        0.000111        0.07239
16470  95.226131  0.010613        0.000113       0.072397
16270  94.748744  0.010667        0.000114       0.072403
16070  94.271357  0.010721        0.000115       0.072409
15870   93.79397  0.010777        0.000116       0.072415
15670  93.316583  0.010832        0.000117       0.072422
15470  92.839196  0.010889        0.000119       0.072428
15270  92.361809  0.010945         0.00012       0.072435
15070  91.884422  0.011003        0.000121       0.072442
14870  91.407035  0.011061        0.000122       0.072448
14670  90.929648   0.01112        0.000124       0.072455
target_delta: 1e-9, noise_multiplier: None, sigma: None

cifar10 50000 1024 10
{'C': 0.1, 'array_alpha': 256, 'sample_size': 50000, 'target_delta': 1e-05, 'batch_size': 1024, 'sample_rate': 0.02048, 'epoch': 10, 'steps': 489, 'dataset': 'cifar10'}
not empty
[0.159399729786188, 0.159411944538755, 0.159424279033106, 0.159436735038619, 0.159449314359659, 0.159462018836529, 0.159474850346336, 0.159487810803873, 0.15950090216264, 0.159514126415791, 0.159527485597142, 0.159540981782243, 0.159554617089379, 0.15956839368079, 0.159582313763722, 0.159596379591634, 0.159610593465442, 0.159624957734727, 0.159639474799059, 0.159654147109321]
             G_k   G_theta PLRV_distortion target_epsilon
18470      100.0  0.010101        0.000102         0.1594
18270  99.522613   0.01015        0.000103       0.159412
18070  99.045226  0.010199        0.000104       0.159424
17870  98.567839  0.010249        0.000105       0.159437
17670  98.090452    0.0103        0.000106       0.159449
17470  97.613065  0.010351        0.000107       0.159462
17270  97.135678  0.010402        0.000108       0.159475
17070  96.658291  0.010454        0.000109       0.159488
16870  96.180905  0.010506         0.00011       0.159501
16670  95.703518  0.010559        0.000111       0.159514
16470  95.226131  0.010613        0.000113       0.159527
16270  94.748744  0.010667        0.000114       0.159541
16070  94.271357  0.010721        0.000115       0.159555
15870   93.79397  0.010777        0.000116       0.159568
15670  93.316583  0.010832        0.000117       0.159582
15470  92.839196  0.010889        0.000119       0.159596
15270  92.361809  0.010945         0.00012       0.159611
15070  91.884422  0.011003        0.000121       0.159625
14870  91.407035  0.011061        0.000122       0.159639
14670  90.929648   0.01112        0.000124       0.159654
target_delta: 1e-9, noise_multiplier: None, sigma: None

qqp 363847 1024 3
{'C': 0.1, 'array_alpha': 256, 'sample_size': 363847, 'target_delta': 1.3742039923374386e-06, 'batch_size': 1024, 'sample_rate': 0.0028143697763070743, 'epoch': 3, 'steps': 1066, 'dataset': 'qqp'}
not empty
[0.0379946524324153, 0.0379961816553965, 0.0379977258645925, 0.037999285281377, 0.0380008601314989, 0.0380024506452033, 0.0380040570573345, 0.0380056796074553, 0.0380073185399697, 0.0380089741042311, 0.0380106465546942, 0.0380123361510187, 0.0380140431582201, 0.0380157678468009, 0.0380175104928977, 0.0380192713784314, 0.0380210507912501, 0.0380228490252865, 0.0380246663807309, 0.0380265031641911]
             G_k   G_theta PLRV_distortion target_epsilon
18470      100.0  0.010101        0.000102       0.037995
18270  99.522613   0.01015        0.000103       0.037996
18070  99.045226  0.010199        0.000104       0.037998
17870  98.567839  0.010249        0.000105       0.037999
17670  98.090452    0.0103        0.000106       0.038001
17470  97.613065  0.010351        0.000107       0.038002
17270  97.135678  0.010402        0.000108       0.038004
17070  96.658291  0.010454        0.000109       0.038006
16870  96.180905  0.010506         0.00011       0.038007
16670  95.703518  0.010559        0.000111       0.038009
16470  95.226131  0.010613        0.000113       0.038011
16270  94.748744  0.010667        0.000114       0.038012
16070  94.271357  0.010721        0.000115       0.038014
15870   93.79397  0.010777        0.000116       0.038016
15670  93.316583  0.010832        0.000117       0.038018
15470  92.839196  0.010889        0.000119       0.038019
15270  92.361809  0.010945         0.00012       0.038021
15070  91.884422  0.011003        0.000121       0.038023
14870  91.407035  0.011061        0.000122       0.038025
14670  90.929648   0.01112        0.000124       0.038027
target_delta: 1e-9, noise_multiplier: None, sigma: None

sst-2 67349 1024 3
qnli 104743 1024 3
{'C': 0.1, 'array_alpha': 256, 'sample_size': 104743, 'target_delta': 4.773588688504244e-06, 'batch_size': 1024, 'sample_rate': 0.009776309634056691, 'epoch': 3, 'steps': 307, 'dataset': 'qnli'}
not empty
[0.0589684403000119, 0.058972984336988, 0.0589775729264163, 0.0589822067267367, 0.0589868864094137, 0.0589916126592828, 0.0589963861748789, 0.059001207668768, 0.0590060778679154, 0.0590109975140508, 0.059015967364037, 0.059020988190267, 0.0590260607810504, 0.0590311859410436, 0.0590363644916603, 0.0590415972715186, 0.0590468851368954, 0.0590522289621836, 0.0590576296403813, 0.0590630880835896]
             G_k   G_theta PLRV_distortion target_epsilon
18470      100.0  0.010101        0.000102       0.058968
18270  99.522613   0.01015        0.000103       0.058973
18070  99.045226  0.010199        0.000104       0.058978
17870  98.567839  0.010249        0.000105       0.058982
17670  98.090452    0.0103        0.000106       0.058987
17470  97.613065  0.010351        0.000107       0.058992
17270  97.135678  0.010402        0.000108       0.058996
17070  96.658291  0.010454        0.000109       0.059001
16870  96.180905  0.010506         0.00011       0.059006
16670  95.703518  0.010559        0.000111       0.059011
16470  95.226131  0.010613        0.000113       0.059016
16270  94.748744  0.010667        0.000114       0.059021
16070  94.271357  0.010721        0.000115       0.059026
15870   93.79397  0.010777        0.000116       0.059031
15670  93.316583  0.010832        0.000117       0.059036
15470  92.839196  0.010889        0.000119       0.059042
15270  92.361809  0.010945         0.00012       0.059047
15070  91.884422  0.011003        0.000121       0.059052
14870  91.407035  0.011061        0.000122       0.059058
14670  90.929648   0.01112        0.000124       0.059063
target_delta: 1e-9, noise_multiplier: None, sigma: None

mnli 392703 1024 3
mnli 392703 1024 3
{'C': 0.1, 'array_alpha': 256, 'sample_size': 392703, 'target_delta': 1.2732268406403822e-06, 'batch_size': 1024, 'sample_rate': 0.0026075685696315028, 'epoch': 3, 'steps': 1151, 'dataset': 'mnli'}
not empty
[0.0374992568648852, 0.0375006736195233, 0.0375021042579476, 0.0375035489852506, 0.0375050080105684, 0.0375064815472054, 0.037507969812727, 0.037509473029067, 0.037510991422645, 0.0375125252244737, 0.0375140746702733, 0.0375156400006069, 0.0375172214609878, 0.0375188193020104, 0.0375204337794987, 0.0375220651546207, 0.0375237136940477, 0.037525379670084, 0.0375270633608299, 0.0375287650503344]
             G_k   G_theta PLRV_distortion target_epsilon
18470      100.0  0.010101        0.000102       0.037499
18270  99.522613   0.01015        0.000103       0.037501
18070  99.045226  0.010199        0.000104       0.037502
17870  98.567839  0.010249        0.000105       0.037504
17670  98.090452    0.0103        0.000106       0.037505
17470  97.613065  0.010351        0.000107       0.037506
17270  97.135678  0.010402        0.000108       0.037508
17070  96.658291  0.010454        0.000109       0.037509
16870  96.180905  0.010506         0.00011       0.037511
16670  95.703518  0.010559        0.000111       0.037513
16470  95.226131  0.010613        0.000113       0.037514
16270  94.748744  0.010667        0.000114       0.037516
16070  94.271357  0.010721        0.000115       0.037517
15870   93.79397  0.010777        0.000116       0.037519
15670  93.316583  0.010832        0.000117        0.03752
15470  92.839196  0.010889        0.000119       0.037522
15270  92.361809  0.010945         0.00012       0.037524
15070  91.884422  0.011003        0.000121       0.037525
14870  91.407035  0.011061        0.000122       0.037527
14670  90.929648   0.01112        0.000124       0.037529
target_delta: 1e-9, noise_multiplier: None, sigma: None

dart 93187 1024 10
{'C': 0.1, 'array_alpha': 256, 'sample_size': 93187, 'target_delta': 5.365555281316063e-06, 'batch_size': 1024, 'sample_rate': 0.010988657216135298, 'epoch': 10, 'steps': 911, 'dataset': 'dart'}
not empty
[0.119304780422228, 0.119313886971194, 0.119323082779669, 0.119332369166428, 0.119341747476317, 0.11935121908095, 0.119360785379379, 0.119370447798741, 0.119380207795013, 0.119390066853721, 0.1194000264907, 0.119410088252878, 0.119420253719034, 0.1194305245007, 0.119440902242947, 0.119451388625281, 0.119461985362576, 0.119472694205968, 0.119483516943847, 0.119494455402834]
             G_k   G_theta PLRV_distortion target_epsilon
18470      100.0  0.010101        0.000102       0.119305
18270  99.522613   0.01015        0.000103       0.119314
18070  99.045226  0.010199        0.000104       0.119323
17870  98.567839  0.010249        0.000105       0.119332
17670  98.090452    0.0103        0.000106       0.119342
17470  97.613065  0.010351        0.000107       0.119351
17270  97.135678  0.010402        0.000108       0.119361
17070  96.658291  0.010454        0.000109        0.11937
16870  96.180905  0.010506         0.00011        0.11938
16670  95.703518  0.010559        0.000111        0.11939
16470  95.226131  0.010613        0.000113         0.1194
16270  94.748744  0.010667        0.000114        0.11941
16070  94.271357  0.010721        0.000115        0.11942
15870   93.79397  0.010777        0.000116       0.119431
15670  93.316583  0.010832        0.000117       0.119441
15470  92.839196  0.010889        0.000119       0.119451
15270  92.361809  0.010945         0.00012       0.119462
15070  91.884422  0.011003        0.000121       0.119473
14870  91.407035  0.011061        0.000122       0.119484
14670  90.929648   0.01112        0.000124       0.119494
target_delta: 1e-9, noise_multiplier: None, sigma: None

e2e 42061 1024 10
p100 10000 1024 10
dart 93187 1024 10
mnist 60000 1024 10
{'C': 0.1, 'array_alpha': 256, 'sample_size': 60000, 'target_delta': 8.333333333333334e-06, 'batch_size': 1024, 'sample_rate': 0.017066666666666667, 'epoch': 10, 'steps': 586, 'dataset': 'mnist'}
not empty
[0.146348211770269, 0.146359460258925, 0.146370819012401, 0.146382289659976, 0.146393873863134, 0.146405573316457, 0.146417389748406, 0.146429324922149, 0.146441380636494, 0.146453558726749, 0.146465861065687, 0.146478289564478, 0.146490846173679, 0.14650353288428, 0.146516351728735, 0.146529304782043, 0.146542394162895, 0.146555622034803, 0.146568990607292, 0.146582502137145]
             G_k   G_theta PLRV_distortion target_epsilon
18470      100.0  0.010101        0.000102       0.146348
18270  99.522613   0.01015        0.000103       0.146359
18070  99.045226  0.010199        0.000104       0.146371
17870  98.567839  0.010249        0.000105       0.146382
17670  98.090452    0.0103        0.000106       0.146394
17470  97.613065  0.010351        0.000107       0.146406
17270  97.135678  0.010402        0.000108       0.146417
17070  96.658291  0.010454        0.000109       0.146429
16870  96.180905  0.010506         0.00011       0.146441
16670  95.703518  0.010559        0.000111       0.146454
16470  95.226131  0.010613        0.000113       0.146466
16270  94.748744  0.010667        0.000114       0.146478
16070  94.271357  0.010721        0.000115       0.146491
15870   93.79397  0.010777        0.000116       0.146504
15670  93.316583  0.010832        0.000117       0.146516
15470  92.839196  0.010889        0.000119       0.146529
15270  92.361809  0.010945         0.00012       0.146542
15070  91.884422  0.011003        0.000121       0.146556
14870  91.407035  0.011061        0.000122       0.146569
14670  90.929648   0.01112        0.000124       0.146583
target_delta: 1e-9, noise_multiplier: None, sigma: None

qqp 363847 1024 3
sst-2 67349 1024 3
qnli 104743 1024 3
{'C': 0.5, 'array_alpha': 256, 'sample_size': 104743, 'target_delta': 4.773588688504244e-06, 'batch_size': 1024, 'sample_rate': 0.009776309634056691, 'epoch': 3, 'steps': 307, 'dataset': 'qnli'}
empty
p100 10000 1024 10
{'C': 0.5, 'array_alpha': 256, 'sample_size': 10000, 'target_delta': 5e-05, 'batch_size': 1024, 'sample_rate': 0.1024, 'epoch': 10, 'steps': 98, 'dataset': 'p100'}
empty
qnli 104743 1024 3
p100 10000 1024 10
mnist 60000 1024 10
{'C': 0.5, 'array_alpha': 256, 'sample_size': 60000, 'target_delta': 8.333333333333334e-06, 'batch_size': 1024, 'sample_rate': 0.017066666666666667, 'epoch': 10, 'steps': 586, 'dataset': 'mnist'}
empty
e2e 42061 1024 10
{'C': 0.5, 'array_alpha': 256, 'sample_size': 42061, 'target_delta': 1.18874967309384e-05, 'batch_size': 1024, 'sample_rate': 0.024345593304961843, 'epoch': 10, 'steps': 411, 'dataset': 'e2e'}
empty
dart 93187 1024 10
qqp 363847 1024 3
{'C': 0.5, 'array_alpha': 256, 'sample_size': 363847, 'target_delta': 1.3742039923374386e-06, 'batch_size': 1024, 'sample_rate': 0.0028143697763070743, 'epoch': 3, 'steps': 1066, 'dataset': 'qqp'}
empty
mnli 392703 1024 3
cifar10 50000 1024 10
cifar10 50000 1024 10
{'C': 0.5, 'array_alpha': 256, 'sample_size': 50000, 'target_delta': 1e-05, 'batch_size': 1024, 'sample_rate': 0.02048, 'epoch': 10, 'steps': 489, 'dataset': 'cifar10'}
empty
dart 93187 1024 10
{'C': 0.5, 'array_alpha': 256, 'sample_size': 93187, 'target_delta': 5.365555281316063e-06, 'batch_size': 1024, 'sample_rate': 0.010988657216135298, 'epoch': 10, 'steps': 911, 'dataset': 'dart'}
empty
qqp 363847 1024 3
mnist 60000 1024 10
sst-2 67349 1024 3
{'C': 0.5, 'array_alpha': 256, 'sample_size': 67349, 'target_delta': 7.4240152043831385e-06, 'batch_size': 1024, 'sample_rate': 0.015204383138576668, 'epoch': 3, 'steps': 198, 'dataset': 'sst-2'}
empty
e2e 42061 1024 10
mnli 392703 1024 3
{'C': 0.5, 'array_alpha': 256, 'sample_size': 392703, 'target_delta': 1.2732268406403822e-06, 'batch_size': 1024, 'sample_rate': 0.0026075685696315028, 'epoch': 3, 'steps': 1151, 'dataset': 'mnli'}
empty
mnist 60000 1024 10
{'C': 0.9, 'array_alpha': 256, 'sample_size': 60000, 'target_delta': 8.333333333333334e-06, 'batch_size': 1024, 'sample_rate': 0.017066666666666667, 'epoch': 10, 'steps': 586, 'dataset': 'mnist'}
empty
dart 93187 1024 10
{'C': 0.9, 'array_alpha': 256, 'sample_size': 93187, 'target_delta': 5.365555281316063e-06, 'batch_size': 1024, 'sample_rate': 0.010988657216135298, 'epoch': 10, 'steps': 911, 'dataset': 'dart'}
empty
qqp 363847 1024 3
qnli 104743 1024 3
{'C': 0.9, 'array_alpha': 256, 'sample_size': 104743, 'target_delta': 4.773588688504244e-06, 'batch_size': 1024, 'sample_rate': 0.009776309634056691, 'epoch': 3, 'steps': 307, 'dataset': 'qnli'}
empty
sst-2 67349 1024 3
{'C': 0.9, 'array_alpha': 256, 'sample_size': 67349, 'target_delta': 7.4240152043831385e-06, 'batch_size': 1024, 'sample_rate': 0.015204383138576668, 'epoch': 3, 'steps': 198, 'dataset': 'sst-2'}
empty
qqp 363847 1024 3
{'C': 0.9, 'array_alpha': 256, 'sample_size': 363847, 'target_delta': 1.3742039923374386e-06, 'batch_size': 1024, 'sample_rate': 0.0028143697763070743, 'epoch': 3, 'steps': 1066, 'dataset': 'qqp'}
empty
p100 10000 1024 10
{'C': 0.9, 'array_alpha': 256, 'sample_size': 10000, 'target_delta': 5e-05, 'batch_size': 1024, 'sample_rate': 0.1024, 'epoch': 10, 'steps': 98, 'dataset': 'p100'}
empty
mnist 60000 1024 10
cifar10 50000 1024 10
{'C': 0.9, 'array_alpha': 256, 'sample_size': 50000, 'target_delta': 1e-05, 'batch_size': 1024, 'sample_rate': 0.02048, 'epoch': 10, 'steps': 489, 'dataset': 'cifar10'}
empty
e2e 42061 1024 10
dart 93187 1024 10
sst-2 67349 1024 3
p100 10000 1024 10
mnli 392703 1024 3
qnli 104743 1024 3
cifar10 50000 1024 10
e2e 42061 1024 10
{'C': 0.9, 'array_alpha': 256, 'sample_size': 42061, 'target_delta': 1.18874967309384e-05, 'batch_size': 1024, 'sample_rate': 0.024345593304961843, 'epoch': 10, 'steps': 411, 'dataset': 'e2e'}
empty
mnli 392703 1024 3
{'C': 0.9, 'array_alpha': 256, 'sample_size': 392703, 'target_delta': 1.2732268406403822e-06, 'batch_size': 1024, 'sample_rate': 0.0026075685696315028, 'epoch': 3, 'steps': 1151, 'dataset': 'mnli'}
empty
e2e 42061 1024 10
sst-2 67349 1024 3
{'C': 0.8, 'array_alpha': 256, 'sample_size': 67349, 'target_delta': 7.4240152043831385e-06, 'batch_size': 1024, 'sample_rate': 0.015204383138576668, 'epoch': 3, 'steps': 198, 'dataset': 'sst-2'}
empty
cifar10 50000 1024 10
mnli 392703 1024 3
{'C': 0.8, 'array_alpha': 256, 'sample_size': 392703, 'target_delta': 1.2732268406403822e-06, 'batch_size': 1024, 'sample_rate': 0.0026075685696315028, 'epoch': 3, 'steps': 1151, 'dataset': 'mnli'}
empty
qqp 363847 1024 3
qnli 104743 1024 3
{'C': 0.8, 'array_alpha': 256, 'sample_size': 104743, 'target_delta': 4.773588688504244e-06, 'batch_size': 1024, 'sample_rate': 0.009776309634056691, 'epoch': 3, 'steps': 307, 'dataset': 'qnli'}
empty
qnli 104743 1024 3
cifar10 50000 1024 10
{'C': 0.8, 'array_alpha': 256, 'sample_size': 50000, 'target_delta': 1e-05, 'batch_size': 1024, 'sample_rate': 0.02048, 'epoch': 10, 'steps': 489, 'dataset': 'cifar10'}
empty
mnist 60000 1024 10
mnli 392703 1024 3
p100 10000 1024 10
qqp 363847 1024 3
{'C': 0.8, 'array_alpha': 256, 'sample_size': 363847, 'target_delta': 1.3742039923374386e-06, 'batch_size': 1024, 'sample_rate': 0.0028143697763070743, 'epoch': 3, 'steps': 1066, 'dataset': 'qqp'}
empty
mnist 60000 1024 10
{'C': 0.8, 'array_alpha': 256, 'sample_size': 60000, 'target_delta': 8.333333333333334e-06, 'batch_size': 1024, 'sample_rate': 0.017066666666666667, 'epoch': 10, 'steps': 586, 'dataset': 'mnist'}
empty
dart 93187 1024 10
{'C': 0.8, 'array_alpha': 256, 'sample_size': 93187, 'target_delta': 5.365555281316063e-06, 'batch_size': 1024, 'sample_rate': 0.010988657216135298, 'epoch': 10, 'steps': 911, 'dataset': 'dart'}
empty
e2e 42061 1024 10
{'C': 0.8, 'array_alpha': 256, 'sample_size': 42061, 'target_delta': 1.18874967309384e-05, 'batch_size': 1024, 'sample_rate': 0.024345593304961843, 'epoch': 10, 'steps': 411, 'dataset': 'e2e'}
empty
sst-2 67349 1024 3
dart 93187 1024 10
p100 10000 1024 10
{'C': 0.8, 'array_alpha': 256, 'sample_size': 10000, 'target_delta': 5e-05, 'batch_size': 1024, 'sample_rate': 0.1024, 'epoch': 10, 'steps': 98, 'dataset': 'p100'}
empty
qnli 104743 1024 3
sst-2 67349 1024 3
e2e 42061 1024 10
cifar10 50000 1024 10
mnist 60000 1024 10
{'C': 0.4, 'array_alpha': 256, 'sample_size': 60000, 'target_delta': 8.333333333333334e-06, 'batch_size': 1024, 'sample_rate': 0.017066666666666667, 'epoch': 10, 'steps': 586, 'dataset': 'mnist'}
empty
p100 10000 1024 10
dart 93187 1024 10
{'C': 0.4, 'array_alpha': 256, 'sample_size': 93187, 'target_delta': 5.365555281316063e-06, 'batch_size': 1024, 'sample_rate': 0.010988657216135298, 'epoch': 10, 'steps': 911, 'dataset': 'dart'}
empty
mnist 60000 1024 10
qqp 363847 1024 3
cifar10 50000 1024 10
{'C': 0.4, 'array_alpha': 256, 'sample_size': 50000, 'target_delta': 1e-05, 'batch_size': 1024, 'sample_rate': 0.02048, 'epoch': 10, 'steps': 489, 'dataset': 'cifar10'}
empty
e2e 42061 1024 10
{'C': 0.4, 'array_alpha': 256, 'sample_size': 42061, 'target_delta': 1.18874967309384e-05, 'batch_size': 1024, 'sample_rate': 0.024345593304961843, 'epoch': 10, 'steps': 411, 'dataset': 'e2e'}
empty
mnli 392703 1024 3
{'C': 0.4, 'array_alpha': 256, 'sample_size': 392703, 'target_delta': 1.2732268406403822e-06, 'batch_size': 1024, 'sample_rate': 0.0026075685696315028, 'epoch': 3, 'steps': 1151, 'dataset': 'mnli'}
empty
qnli 104743 1024 3
{'C': 0.4, 'array_alpha': 256, 'sample_size': 104743, 'target_delta': 4.773588688504244e-06, 'batch_size': 1024, 'sample_rate': 0.009776309634056691, 'epoch': 3, 'steps': 307, 'dataset': 'qnli'}
empty
qqp 363847 1024 3
{'C': 0.4, 'array_alpha': 256, 'sample_size': 363847, 'target_delta': 1.3742039923374386e-06, 'batch_size': 1024, 'sample_rate': 0.0028143697763070743, 'epoch': 3, 'steps': 1066, 'dataset': 'qqp'}
empty
dart 93187 1024 10
p100 10000 1024 10
{'C': 0.4, 'array_alpha': 256, 'sample_size': 10000, 'target_delta': 5e-05, 'batch_size': 1024, 'sample_rate': 0.1024, 'epoch': 10, 'steps': 98, 'dataset': 'p100'}
empty
mnli 392703 1024 3
sst-2 67349 1024 3
{'C': 0.4, 'array_alpha': 256, 'sample_size': 67349, 'target_delta': 7.4240152043831385e-06, 'batch_size': 1024, 'sample_rate': 0.015204383138576668, 'epoch': 3, 'steps': 198, 'dataset': 'sst-2'}
empty
dart 93187 1024 10
e2e 42061 1024 10
{'C': 0.2, 'array_alpha': 256, 'sample_size': 42061, 'target_delta': 1.18874967309384e-05, 'batch_size': 1024, 'sample_rate': 0.024345593304961843, 'epoch': 10, 'steps': 411, 'dataset': 'e2e'}
not empty
[0.361116439614362, 0.361144045883188, 0.361171922902015, 0.361200074673449, 0.361228505279403, 0.361257218883012, 0.361286219730735, 0.361315512154407, 0.361345100573377, 0.361374989496784, 0.361405183525808, 0.361435687356058, 0.361466505779965, 0.361497643689346, 0.361529106077948, 0.36156089804412, 0.361593024793631, 0.361625491642396, 0.361658304019513, 0.361691467470242]
            G_k   G_theta PLRV_distortion target_epsilon
9373      100.0  0.010101        0.000102       0.361116
9187  99.522613   0.01015        0.000103       0.361144
9003  99.045226  0.010199        0.000104       0.361172
8821  98.567839  0.010249        0.000105         0.3612
8641  98.090452    0.0103        0.000106       0.361229
8463  97.613065  0.010351        0.000107       0.361257
8286  97.135678  0.010402        0.000108       0.361286
8111  96.658291  0.010454        0.000109       0.361316
7938  96.180905  0.010506         0.00011       0.361345
7767  95.703518  0.010559        0.000111       0.361375
7598  95.226131  0.010613        0.000113       0.361405
7431  94.748744  0.010667        0.000114       0.361436
7266  94.271357  0.010721        0.000115       0.361467
7102   93.79397  0.010777        0.000116       0.361498
6940  93.316583  0.010832        0.000117       0.361529
6780  92.839196  0.010889        0.000119       0.361561
6622  92.361809  0.010945         0.00012       0.361593
6466  91.884422  0.011003        0.000121       0.361625
6312  91.407035  0.011061        0.000122       0.361658
6160  90.929648   0.01112        0.000124       0.361691
target_delta: 1e-9, noise_multiplier: None, sigma: None

dart 93187 1024 10
{'C': 0.2, 'array_alpha': 256, 'sample_size': 93187, 'target_delta': 5.365555281316063e-06, 'batch_size': 1024, 'sample_rate': 0.010988657216135298, 'epoch': 10, 'steps': 911, 'dataset': 'dart'}
not empty
[0.248193440619377, 0.248212123881436, 0.248230990310859, 0.248250042614434, 0.248269283552563, 0.248288715940559, 0.248308342650057, 0.248328166610408, 0.248348190810113, 0.24836841829837, 0.248388852186594, 0.248409495650012, 0.248430351929334, 0.248451424332415, 0.24847271623603, 0.248494231087643, 0.248515972407317, 0.24853794378958, 0.248560148905458, 0.248582591504467]
            G_k   G_theta PLRV_distortion target_epsilon
9373      100.0  0.010101        0.000102       0.248193
9187  99.522613   0.01015        0.000103       0.248212
9003  99.045226  0.010199        0.000104       0.248231
8821  98.567839  0.010249        0.000105        0.24825
8641  98.090452    0.0103        0.000106       0.248269
8463  97.613065  0.010351        0.000107       0.248289
8286  97.135678  0.010402        0.000108       0.248308
8111  96.658291  0.010454        0.000109       0.248328
7938  96.180905  0.010506         0.00011       0.248348
7767  95.703518  0.010559        0.000111       0.248368
7598  95.226131  0.010613        0.000113       0.248389
7431  94.748744  0.010667        0.000114       0.248409
7266  94.271357  0.010721        0.000115        0.24843
7102   93.79397  0.010777        0.000116       0.248451
6940  93.316583  0.010832        0.000117       0.248473
6780  92.839196  0.010889        0.000119       0.248494
6622  92.361809  0.010945         0.00012       0.248516
6466  91.884422  0.011003        0.000121       0.248538
6312  91.407035  0.011061        0.000122        0.24856
6160  90.929648   0.01112        0.000124       0.248583
target_delta: 1e-9, noise_multiplier: None, sigma: None

qqp 363847 1024 3
mnli 392703 1024 3
{'C': 0.2, 'array_alpha': 256, 'sample_size': 392703, 'target_delta': 1.2732268406403822e-06, 'batch_size': 1024, 'sample_rate': 0.0026075685696315028, 'epoch': 3, 'steps': 1151, 'dataset': 'mnli'}
not empty
[0.0663079026207392, 0.0663128454230396, 0.0663178366799214, 0.0663228771073772, 0.066327967435579, 0.066333108409214, 0.06633830078788, 0.0663435453464308, 0.0663488428753689, 0.0663541941812459, 0.0663596000870781, 0.0663650614327535, 0.0663705790754744, 0.0663761538902168, 0.0663817867701741, 0.066387478627238, 0.0663932303925011, 0.0663990430167578, 0.0664049174710261, 0.0664108547470934]
            G_k   G_theta PLRV_distortion target_epsilon
9373      100.0  0.010101        0.000102       0.066308
9187  99.522613   0.01015        0.000103       0.066313
9003  99.045226  0.010199        0.000104       0.066318
8821  98.567839  0.010249        0.000105       0.066323
8641  98.090452    0.0103        0.000106       0.066328
8463  97.613065  0.010351        0.000107       0.066333
8286  97.135678  0.010402        0.000108       0.066338
8111  96.658291  0.010454        0.000109       0.066344
7938  96.180905  0.010506         0.00011       0.066349
7767  95.703518  0.010559        0.000111       0.066354
7598  95.226131  0.010613        0.000113        0.06636
7431  94.748744  0.010667        0.000114       0.066365
7266  94.271357  0.010721        0.000115       0.066371
7102   93.79397  0.010777        0.000116       0.066376
6940  93.316583  0.010832        0.000117       0.066382
6780  92.839196  0.010889        0.000119       0.066387
6622  92.361809  0.010945         0.00012       0.066393
6466  91.884422  0.011003        0.000121       0.066399
6312  91.407035  0.011061        0.000122       0.066405
6160  90.929648   0.01112        0.000124       0.066411
target_delta: 1e-9, noise_multiplier: None, sigma: None

qnli 104743 1024 3
qqp 363847 1024 3
{'C': 0.2, 'array_alpha': 256, 'sample_size': 363847, 'target_delta': 1.3742039923374386e-06, 'batch_size': 1024, 'sample_rate': 0.0028143697763070743, 'epoch': 3, 'steps': 1066, 'dataset': 'qqp'}
not empty
[0.0687112986533644, 0.0687164277979622, 0.0687216072253698, 0.0687268376786133, 0.0687321199154446, 0.0687374547086692, 0.0687428428465689, 0.0687482851332603, 0.0687537823891016, 0.0687593354511002, 0.0687649451733585, 0.0687706124274843, 0.0687763381030571, 0.0687821231080978, 0.0687879683695304, 0.0687938748336909, 0.0687998434668432, 0.0688058752556939, 0.0688119712079347, 0.0688181323528184]
            G_k   G_theta PLRV_distortion target_epsilon
9373      100.0  0.010101        0.000102       0.068711
9187  99.522613   0.01015        0.000103       0.068716
9003  99.045226  0.010199        0.000104       0.068722
8821  98.567839  0.010249        0.000105       0.068727
8641  98.090452    0.0103        0.000106       0.068732
8463  97.613065  0.010351        0.000107       0.068737
8286  97.135678  0.010402        0.000108       0.068743
8111  96.658291  0.010454        0.000109       0.068748
7938  96.180905  0.010506         0.00011       0.068754
7767  95.703518  0.010559        0.000111       0.068759
7598  95.226131  0.010613        0.000113       0.068765
7431  94.748744  0.010667        0.000114       0.068771
7266  94.271357  0.010721        0.000115       0.068776
7102   93.79397  0.010777        0.000116       0.068782
6940  93.316583  0.010832        0.000117       0.068788
6780  92.839196  0.010889        0.000119       0.068794
6622  92.361809  0.010945         0.00012         0.0688
6466  91.884422  0.011003        0.000121       0.068806
6312  91.407035  0.011061        0.000122       0.068812
6160  90.929648   0.01112        0.000124       0.068818
target_delta: 1e-9, noise_multiplier: None, sigma: None

e2e 42061 1024 10
mnli 392703 1024 3
mnist 60000 1024 10
mnist 60000 1024 10
{'C': 0.2, 'array_alpha': 256, 'sample_size': 60000, 'target_delta': 8.333333333333334e-06, 'batch_size': 1024, 'sample_rate': 0.017066666666666667, 'epoch': 10, 'steps': 586, 'dataset': 'mnist'}
not empty
[0.305338722979989, 0.305361741426409, 0.305384985584074, 0.305408458789125, 0.305432164443784, 0.305456106017948, 0.305480287050959, 0.305504711153286, 0.305529382008364, 0.305554303374401, 0.305579479086341, 0.305604913057796, 0.305630609283064, 0.305656571839263, 0.305682804888442, 0.305709312679822, 0.30573609955211, 0.305763169935827, 0.305790528355794, 0.305818179433612]
            G_k   G_theta PLRV_distortion target_epsilon
9373      100.0  0.010101        0.000102       0.305339
9187  99.522613   0.01015        0.000103       0.305362
9003  99.045226  0.010199        0.000104       0.305385
8821  98.567839  0.010249        0.000105       0.305408
8641  98.090452    0.0103        0.000106       0.305432
8463  97.613065  0.010351        0.000107       0.305456
8286  97.135678  0.010402        0.000108        0.30548
8111  96.658291  0.010454        0.000109       0.305505
7938  96.180905  0.010506         0.00011       0.305529
7767  95.703518  0.010559        0.000111       0.305554
7598  95.226131  0.010613        0.000113       0.305579
7431  94.748744  0.010667        0.000114       0.305605
7266  94.271357  0.010721        0.000115       0.305631
7102   93.79397  0.010777        0.000116       0.305657
6940  93.316583  0.010832        0.000117       0.305683
6780  92.839196  0.010889        0.000119       0.305709
6622  92.361809  0.010945         0.00012       0.305736
6466  91.884422  0.011003        0.000121       0.305763
6312  91.407035  0.011061        0.000122       0.305791
6160  90.929648   0.01112        0.000124       0.305818
target_delta: 1e-9, noise_multiplier: None, sigma: None

sst-2 67349 1024 3
cifar10 50000 1024 10
qnli 104743 1024 3
{'C': 0.2, 'array_alpha': 256, 'sample_size': 104743, 'target_delta': 4.773588688504244e-06, 'batch_size': 1024, 'sample_rate': 0.009776309634056691, 'epoch': 3, 'steps': 307, 'dataset': 'qnli'}
not empty
[0.123093008424989, 0.123102388872275, 0.123111861340367, 0.12312142718997, 0.123131087808753, 0.123140844612004, 0.12315069904335, 0.123160652575437, 0.123170706710686, 0.123180862982037, 0.123191122953735, 0.123201488222135, 0.123211960416517, 0.123222541199953, 0.123233232270181, 0.123244035360511, 0.123254952240781, 0.123265984718282, 0.123277134638802, 0.123288403887626]
            G_k   G_theta PLRV_distortion target_epsilon
9373      100.0  0.010101        0.000102       0.123093
9187  99.522613   0.01015        0.000103       0.123102
9003  99.045226  0.010199        0.000104       0.123112
8821  98.567839  0.010249        0.000105       0.123121
8641  98.090452    0.0103        0.000106       0.123131
8463  97.613065  0.010351        0.000107       0.123141
8286  97.135678  0.010402        0.000108       0.123151
8111  96.658291  0.010454        0.000109       0.123161
7938  96.180905  0.010506         0.00011       0.123171
7767  95.703518  0.010559        0.000111       0.123181
7598  95.226131  0.010613        0.000113       0.123191
7431  94.748744  0.010667        0.000114       0.123201
7266  94.271357  0.010721        0.000115       0.123212
7102   93.79397  0.010777        0.000116       0.123223
6940  93.316583  0.010832        0.000117       0.123233
6780  92.839196  0.010889        0.000119       0.123244
6622  92.361809  0.010945         0.00012       0.123255
6466  91.884422  0.011003        0.000121       0.123266
6312  91.407035  0.011061        0.000122       0.123277
6160  90.929648   0.01112        0.000124       0.123288
target_delta: 1e-9, noise_multiplier: None, sigma: None

sst-2 67349 1024 3
{'C': 0.2, 'array_alpha': 256, 'sample_size': 67349, 'target_delta': 7.4240152043831385e-06, 'batch_size': 1024, 'sample_rate': 0.015204383138576668, 'epoch': 3, 'steps': 198, 'dataset': 'sst-2'}
not empty
[0.151447063161608, 0.151458847258878, 0.151470746998069, 0.151482700132931, 0.151494699896033, 0.151506819174066, 0.15151905976144, 0.151531423488661, 0.151543912223252, 0.15155652787069, 0.151569272375372, 0.151582147721626, 0.151595155934725, 0.151608299081956, 0.151621579273723, 0.15163499866466, 0.151648559454811, 0.151662263890821, 0.15167611426719, 0.151690112927538]
            G_k   G_theta PLRV_distortion target_epsilon
9373      100.0  0.010101        0.000102       0.151447
9187  99.522613   0.01015        0.000103       0.151459
9003  99.045226  0.010199        0.000104       0.151471
8821  98.567839  0.010249        0.000105       0.151483
8641  98.090452    0.0103        0.000106       0.151495
8463  97.613065  0.010351        0.000107       0.151507
8286  97.135678  0.010402        0.000108       0.151519
8111  96.658291  0.010454        0.000109       0.151531
7938  96.180905  0.010506         0.00011       0.151544
7767  95.703518  0.010559        0.000111       0.151557
7598  95.226131  0.010613        0.000113       0.151569
7431  94.748744  0.010667        0.000114       0.151582
7266  94.271357  0.010721        0.000115       0.151595
7102   93.79397  0.010777        0.000116       0.151608
6940  93.316583  0.010832        0.000117       0.151622
6780  92.839196  0.010889        0.000119       0.151635
6622  92.361809  0.010945         0.00012       0.151649
6466  91.884422  0.011003        0.000121       0.151662
6312  91.407035  0.011061        0.000122       0.151676
6160  90.929648   0.01112        0.000124        0.15169
target_delta: 1e-9, noise_multiplier: None, sigma: None

p100 10000 1024 10
p100 10000 1024 10
{'C': 0.2, 'array_alpha': 256, 'sample_size': 10000, 'target_delta': 5e-05, 'batch_size': 1024, 'sample_rate': 0.1024, 'epoch': 10, 'steps': 98, 'dataset': 'p100'}
not empty
[0.710497163833404, 0.710554570147256, 0.710612540066997, 0.71067108193351, 0.710730204253079, 0.71078991570149, 0.710850225128316, 0.710911141561243, 0.710972674210588, 0.711034832473967, 0.711097625941039, 0.711161064398486, 0.711225157835044, 0.711289916446788, 0.71135535064251, 0.711421471049314, 0.711488288518381, 0.711555814130841, 0.711624059204002, 0.711693035297574]
            G_k   G_theta PLRV_distortion target_epsilon
9373      100.0  0.010101        0.000102       0.710497
9187  99.522613   0.01015        0.000103       0.710555
9003  99.045226  0.010199        0.000104       0.710613
8821  98.567839  0.010249        0.000105       0.710671
8641  98.090452    0.0103        0.000106        0.71073
8463  97.613065  0.010351        0.000107        0.71079
8286  97.135678  0.010402        0.000108        0.71085
8111  96.658291  0.010454        0.000109       0.710911
7938  96.180905  0.010506         0.00011       0.710973
7767  95.703518  0.010559        0.000111       0.711035
7598  95.226131  0.010613        0.000113       0.711098
7431  94.748744  0.010667        0.000114       0.711161
7266  94.271357  0.010721        0.000115       0.711225
7102   93.79397  0.010777        0.000116        0.71129
6940  93.316583  0.010832        0.000117       0.711355
6780  92.839196  0.010889        0.000119       0.711421
6622  92.361809  0.010945         0.00012       0.711488
6466  91.884422  0.011003        0.000121       0.711556
6312  91.407035  0.011061        0.000122       0.711624
6160  90.929648   0.01112        0.000124       0.711693
target_delta: 1e-9, noise_multiplier: None, sigma: None

cifar10 50000 1024 10
{'C': 0.2, 'array_alpha': 256, 'sample_size': 50000, 'target_delta': 1e-05, 'batch_size': 1024, 'sample_rate': 0.02048, 'epoch': 10, 'steps': 489, 'dataset': 'cifar10'}
not empty
[0.333000097032696, 0.333025559237171, 0.333051271141341, 0.333077236436303, 0.333103458886243, 0.333129942330275, 0.333156690684325, 0.333183707943035, 0.333210998181765, 0.333238565558655, 0.333266414316714, 0.333294548786027, 0.333322973385935, 0.333351692627454, 0.333380711115555, 0.333410033551668, 0.333439664736271, 0.33346960957141, 0.333499873063489, 0.333530460326004]
            G_k   G_theta PLRV_distortion target_epsilon
9373      100.0  0.010101        0.000102          0.333
9187  99.522613   0.01015        0.000103       0.333026
9003  99.045226  0.010199        0.000104       0.333051
8821  98.567839  0.010249        0.000105       0.333077
8641  98.090452    0.0103        0.000106       0.333103
8463  97.613065  0.010351        0.000107        0.33313
8286  97.135678  0.010402        0.000108       0.333157
8111  96.658291  0.010454        0.000109       0.333184
7938  96.180905  0.010506         0.00011       0.333211
7767  95.703518  0.010559        0.000111       0.333239
7598  95.226131  0.010613        0.000113       0.333266
7431  94.748744  0.010667        0.000114       0.333295
7266  94.271357  0.010721        0.000115       0.333323
7102   93.79397  0.010777        0.000116       0.333352
6940  93.316583  0.010832        0.000117       0.333381
6780  92.839196  0.010889        0.000119        0.33341
6622  92.361809  0.010945         0.00012        0.33344
6466  91.884422  0.011003        0.000121        0.33347
6312  91.407035  0.011061        0.000122         0.3335
6160  90.929648   0.01112        0.000124        0.33353
target_delta: 1e-9, noise_multiplier: None, sigma: None

qqp 363847 1024 3
{'C': 1.0, 'array_alpha': 256, 'sample_size': 363847, 'target_delta': 1.3742039923374386e-06, 'batch_size': 1024, 'sample_rate': 0.0028143697763070743, 'epoch': 3, 'steps': 1066, 'dataset': 'qqp'}
empty
mnist 60000 1024 10
mnist 60000 1024 10
{'C': 1.0, 'array_alpha': 256, 'sample_size': 60000, 'target_delta': 8.333333333333334e-06, 'batch_size': 1024, 'sample_rate': 0.017066666666666667, 'epoch': 10, 'steps': 586, 'dataset': 'mnist'}
empty
p100 10000 1024 10
{'C': 1.0, 'array_alpha': 256, 'sample_size': 10000, 'target_delta': 5e-05, 'batch_size': 1024, 'sample_rate': 0.1024, 'epoch': 10, 'steps': 98, 'dataset': 'p100'}
empty
qqp 363847 1024 3
sst-2 67349 1024 3
{'C': 1.0, 'array_alpha': 256, 'sample_size': 67349, 'target_delta': 7.4240152043831385e-06, 'batch_size': 1024, 'sample_rate': 0.015204383138576668, 'epoch': 3, 'steps': 198, 'dataset': 'sst-2'}
empty
sst-2 67349 1024 3
mnli 392703 1024 3
{'C': 1.0, 'array_alpha': 256, 'sample_size': 392703, 'target_delta': 1.2732268406403822e-06, 'batch_size': 1024, 'sample_rate': 0.0026075685696315028, 'epoch': 3, 'steps': 1151, 'dataset': 'mnli'}
empty
cifar10 50000 1024 10
{'C': 1.0, 'array_alpha': 256, 'sample_size': 50000, 'target_delta': 1e-05, 'batch_size': 1024, 'sample_rate': 0.02048, 'epoch': 10, 'steps': 489, 'dataset': 'cifar10'}
empty
mnli 392703 1024 3
p100 10000 1024 10
e2e 42061 1024 10
qnli 104743 1024 3
e2e 42061 1024 10
{'C': 1.0, 'array_alpha': 256, 'sample_size': 42061, 'target_delta': 1.18874967309384e-05, 'batch_size': 1024, 'sample_rate': 0.024345593304961843, 'epoch': 10, 'steps': 411, 'dataset': 'e2e'}
empty
dart 93187 1024 10
qnli 104743 1024 3
{'C': 1.0, 'array_alpha': 256, 'sample_size': 104743, 'target_delta': 4.773588688504244e-06, 'batch_size': 1024, 'sample_rate': 0.009776309634056691, 'epoch': 3, 'steps': 307, 'dataset': 'qnli'}
empty
cifar10 50000 1024 10
dart 93187 1024 10
{'C': 1.0, 'array_alpha': 256, 'sample_size': 93187, 'target_delta': 5.365555281316063e-06, 'batch_size': 1024, 'sample_rate': 0.010988657216135298, 'epoch': 10, 'steps': 911, 'dataset': 'dart'}
empty
qqp 363847 1024 3
dart 93187 1024 10
mnli 392703 1024 3
{'C': 0.6, 'array_alpha': 256, 'sample_size': 392703, 'target_delta': 1.2732268406403822e-06, 'batch_size': 1024, 'sample_rate': 0.0026075685696315028, 'epoch': 3, 'steps': 1151, 'dataset': 'mnli'}
empty
qnli 104743 1024 3
{'C': 0.6, 'array_alpha': 256, 'sample_size': 104743, 'target_delta': 4.773588688504244e-06, 'batch_size': 1024, 'sample_rate': 0.009776309634056691, 'epoch': 3, 'steps': 307, 'dataset': 'qnli'}
empty
sst-2 67349 1024 3
{'C': 0.6, 'array_alpha': 256, 'sample_size': 67349, 'target_delta': 7.4240152043831385e-06, 'batch_size': 1024, 'sample_rate': 0.015204383138576668, 'epoch': 3, 'steps': 198, 'dataset': 'sst-2'}
empty
mnli 392703 1024 3
cifar10 50000 1024 10
qqp 363847 1024 3
{'C': 0.6, 'array_alpha': 256, 'sample_size': 363847, 'target_delta': 1.3742039923374386e-06, 'batch_size': 1024, 'sample_rate': 0.0028143697763070743, 'epoch': 3, 'steps': 1066, 'dataset': 'qqp'}
empty
p100 10000 1024 10
qnli 104743 1024 3
mnist 60000 1024 10
{'C': 0.6, 'array_alpha': 256, 'sample_size': 60000, 'target_delta': 8.333333333333334e-06, 'batch_size': 1024, 'sample_rate': 0.017066666666666667, 'epoch': 10, 'steps': 586, 'dataset': 'mnist'}
empty
dart 93187 1024 10
{'C': 0.6, 'array_alpha': 256, 'sample_size': 93187, 'target_delta': 5.365555281316063e-06, 'batch_size': 1024, 'sample_rate': 0.010988657216135298, 'epoch': 10, 'steps': 911, 'dataset': 'dart'}
empty
e2e 42061 1024 10
{'C': 0.6, 'array_alpha': 256, 'sample_size': 42061, 'target_delta': 1.18874967309384e-05, 'batch_size': 1024, 'sample_rate': 0.024345593304961843, 'epoch': 10, 'steps': 411, 'dataset': 'e2e'}
empty
sst-2 67349 1024 3
cifar10 50000 1024 10
{'C': 0.6, 'array_alpha': 256, 'sample_size': 50000, 'target_delta': 1e-05, 'batch_size': 1024, 'sample_rate': 0.02048, 'epoch': 10, 'steps': 489, 'dataset': 'cifar10'}
empty
p100 10000 1024 10
{'C': 0.6, 'array_alpha': 256, 'sample_size': 10000, 'target_delta': 5e-05, 'batch_size': 1024, 'sample_rate': 0.1024, 'epoch': 10, 'steps': 98, 'dataset': 'p100'}
empty
e2e 42061 1024 10
mnist 60000 1024 10
qqp 363847 1024 3
{'C': 0.3, 'array_alpha': 256, 'sample_size': 363847, 'target_delta': 1.3742039923374386e-06, 'batch_size': 1024, 'sample_rate': 0.0028143697763070743, 'epoch': 3, 'steps': 1066, 'dataset': 'qqp'}
not empty
[0.104800395975914, 0.104808195383565, 0.104816071294738, 0.104824024840579, 0.104832057174648, 0.10484016947346, 0.104848362937082, 0.104856638789711, 0.104864998280287, 0.104873442683122, 0.104881973298553, 0.104890591453592, 0.104899298502634, 0.104908095828141, 0.104916984841425, 0.104925966983335, 0.104935043725084, 0.104944216569034, 0.104953487049529, 0.10496285673375]
            G_k   G_theta PLRV_distortion target_epsilon
1375      100.0  0.010101        0.000102         0.1048
1317  99.522613   0.01015        0.000103       0.104808
1260  99.045226  0.010199        0.000104       0.104816
1205  98.567839  0.010249        0.000105       0.104824
1151  98.090452    0.0103        0.000106       0.104832
1098  97.613065  0.010351        0.000107        0.10484
1046  97.135678  0.010402        0.000108       0.104848
996   96.658291  0.010454        0.000109       0.104857
947   96.180905  0.010506         0.00011       0.104865
899   95.703518  0.010559        0.000111       0.104873
852   95.226131  0.010613        0.000113       0.104882
807   94.748744  0.010667        0.000114       0.104891
763   94.271357  0.010721        0.000115       0.104899
720    93.79397  0.010777        0.000116       0.104908
678   93.316583  0.010832        0.000117       0.104917
638   92.839196  0.010889        0.000119       0.104926
599   92.361809  0.010945         0.00012       0.104935
561   91.884422  0.011003        0.000121       0.104944
524   91.407035  0.011061        0.000122       0.104953
489   90.929648   0.01112        0.000124       0.104963
target_delta: 1e-9, noise_multiplier: None, sigma: None

mnli 392703 1024 3
{'C': 0.3, 'array_alpha': 256, 'sample_size': 392703, 'target_delta': 1.2732268406403822e-06, 'batch_size': 1024, 'sample_rate': 0.0026075685696315028, 'epoch': 3, 'steps': 1151, 'dataset': 'mnli'}
not empty
[0.101110171357983, 0.101117673257683, 0.101125248739149, 0.101132898890268, 0.101140624820486, 0.101148427661342, 0.101156308567005, 0.101164268714847, 0.101172309306058, 0.101180431566212, 0.101188636745914, 0.101196926121421, 0.101205300995331, 0.101213762697237, 0.101222312584451, 0.101230952042725, 0.101239682486999, 0.101248505362158, 0.10125742214386, 0.101266434339327]
            G_k   G_theta PLRV_distortion target_epsilon
1375      100.0  0.010101        0.000102        0.10111
1317  99.522613   0.01015        0.000103       0.101118
1260  99.045226  0.010199        0.000104       0.101125
1205  98.567839  0.010249        0.000105       0.101133
1151  98.090452    0.0103        0.000106       0.101141
1098  97.613065  0.010351        0.000107       0.101148
1046  97.135678  0.010402        0.000108       0.101156
996   96.658291  0.010454        0.000109       0.101164
947   96.180905  0.010506         0.00011       0.101172
899   95.703518  0.010559        0.000111        0.10118
852   95.226131  0.010613        0.000113       0.101189
807   94.748744  0.010667        0.000114       0.101197
763   94.271357  0.010721        0.000115       0.101205
720    93.79397  0.010777        0.000116       0.101214
678   93.316583  0.010832        0.000117       0.101222
638   92.839196  0.010889        0.000119       0.101231
599   92.361809  0.010945         0.00012        0.10124
561   91.884422  0.011003        0.000121       0.101249
524   91.407035  0.011061        0.000122       0.101257
489   90.929648   0.01112        0.000124       0.101266
target_delta: 1e-9, noise_multiplier: None, sigma: None

mnli 392703 1024 3
qnli 104743 1024 3
qnli 104743 1024 3
{'C': 0.3, 'array_alpha': 256, 'sample_size': 104743, 'target_delta': 4.773588688504244e-06, 'batch_size': 1024, 'sample_rate': 0.009776309634056691, 'epoch': 3, 'steps': 307, 'dataset': 'qnli'}
not empty
[0.18865896474862, 0.188673350706977, 0.188687877919061, 0.188702548475539, 0.188717364508529, 0.188732328192654, 0.188747441746094, 0.188762707431675, 0.188778127558019, 0.188793704480691, 0.18880944060341, 0.188825338379266, 0.188841400312015, 0.188857628957388, 0.188874026924441, 0.188890596876967, 0.188907341534913, 0.188924263675896, 0.188941366136725, 0.188958651814981]
            G_k   G_theta PLRV_distortion target_epsilon
1375      100.0  0.010101        0.000102       0.188659
1317  99.522613   0.01015        0.000103       0.188673
1260  99.045226  0.010199        0.000104       0.188688
1205  98.567839  0.010249        0.000105       0.188703
1151  98.090452    0.0103        0.000106       0.188717
1098  97.613065  0.010351        0.000107       0.188732
1046  97.135678  0.010402        0.000108       0.188747
996   96.658291  0.010454        0.000109       0.188763
947   96.180905  0.010506         0.00011       0.188778
899   95.703518  0.010559        0.000111       0.188794
852   95.226131  0.010613        0.000113       0.188809
807   94.748744  0.010667        0.000114       0.188825
763   94.271357  0.010721        0.000115       0.188841
720    93.79397  0.010777        0.000116       0.188858
678   93.316583  0.010832        0.000117       0.188874
638   92.839196  0.010889        0.000119       0.188891
599   92.361809  0.010945         0.00012       0.188907
561   91.884422  0.011003        0.000121       0.188924
524   91.407035  0.011061        0.000122       0.188941
489   90.929648   0.01112        0.000124       0.188959
target_delta: 1e-9, noise_multiplier: None, sigma: None

e2e 42061 1024 10
{'C': 0.3, 'array_alpha': 256, 'sample_size': 42061, 'target_delta': 1.18874967309384e-05, 'batch_size': 1024, 'sample_rate': 0.024345593304961843, 'epoch': 10, 'steps': 411, 'dataset': 'e2e'}
not empty
[0.554817543315534, 0.554859397515357, 0.554901662507827, 0.554944344370509, 0.55498744930137, 0.555030983621912, 0.555074953780204, 0.555119366354026, 0.555164228054228, 0.55520954572807, 0.555255326362702, 0.555301577088756, 0.555348305184057, 0.555395518077462, 0.555443223352717, 0.555491428752634, 0.555540142183196, 0.555589371717891, 0.555639125602196, 0.555689412258167]
            G_k   G_theta PLRV_distortion target_epsilon
1375      100.0  0.010101        0.000102       0.554818
1317  99.522613   0.01015        0.000103       0.554859
1260  99.045226  0.010199        0.000104       0.554902
1205  98.567839  0.010249        0.000105       0.554944
1151  98.090452    0.0103        0.000106       0.554987
1098  97.613065  0.010351        0.000107       0.555031
1046  97.135678  0.010402        0.000108       0.555075
996   96.658291  0.010454        0.000109       0.555119
947   96.180905  0.010506         0.00011       0.555164
899   95.703518  0.010559        0.000111        0.55521
852   95.226131  0.010613        0.000113       0.555255
807   94.748744  0.010667        0.000114       0.555302
763   94.271357  0.010721        0.000115       0.555348
720    93.79397  0.010777        0.000116       0.555396
678   93.316583  0.010832        0.000117       0.555443
638   92.839196  0.010889        0.000119       0.555491
599   92.361809  0.010945         0.00012        0.55554
561   91.884422  0.011003        0.000121       0.555589
524   91.407035  0.011061        0.000122       0.555639
489   90.929648   0.01112        0.000124       0.555689
target_delta: 1e-9, noise_multiplier: None, sigma: None

e2e 42061 1024 10
sst-2 67349 1024 3
{'C': 0.3, 'array_alpha': 256, 'sample_size': 67349, 'target_delta': 7.4240152043831385e-06, 'batch_size': 1024, 'sample_rate': 0.015204383138576668, 'epoch': 3, 'steps': 198, 'dataset': 'sst-2'}
not empty
[0.232622570029507, 0.232640691199772, 0.23265899039541, 0.232677470252779, 0.232696133460536, 0.232714982760971, 0.232734020951331, 0.232753250885195, 0.232772675473921, 0.232792297688113, 0.232812120559117, 0.232832147180604, 0.232852380710154, 0.232872824370945, 0.232893481453442, 0.232914355317183, 0.23293544939257, 0.232956767182781, 0.232978312265692, 0.233000088295878]
            G_k   G_theta PLRV_distortion target_epsilon
1375      100.0  0.010101        0.000102       0.232623
1317  99.522613   0.01015        0.000103       0.232641
1260  99.045226  0.010199        0.000104       0.232659
1205  98.567839  0.010249        0.000105       0.232677
1151  98.090452    0.0103        0.000106       0.232696
1098  97.613065  0.010351        0.000107       0.232715
1046  97.135678  0.010402        0.000108       0.232734
996   96.658291  0.010454        0.000109       0.232753
947   96.180905  0.010506         0.00011       0.232773
899   95.703518  0.010559        0.000111       0.232792
852   95.226131  0.010613        0.000113       0.232812
807   94.748744  0.010667        0.000114       0.232832
763   94.271357  0.010721        0.000115       0.232852
720    93.79397  0.010777        0.000116       0.232873
678   93.316583  0.010832        0.000117       0.232893
638   92.839196  0.010889        0.000119       0.232914
599   92.361809  0.010945         0.00012       0.232935
561   91.884422  0.011003        0.000121       0.232957
524   91.407035  0.011061        0.000122       0.232978
489   90.929648   0.01112        0.000124          0.233
target_delta: 1e-9, noise_multiplier: None, sigma: None

qqp 363847 1024 3
p100 10000 1024 10
dart 93187 1024 10
sst-2 67349 1024 3
mnist 60000 1024 10
mnist 60000 1024 10
{'C': 0.3, 'array_alpha': 256, 'sample_size': 60000, 'target_delta': 8.333333333333334e-06, 'batch_size': 1024, 'sample_rate': 0.017066666666666667, 'epoch': 10, 'steps': 586, 'dataset': 'mnist'}
not empty
[0.468108118887748, 0.468143496357242, 0.468179220962973, 0.468215297839361, 0.468251732222586, 0.468288529453137, 0.46832569497838, 0.468363234355286, 0.468401153253183, 0.468439457456586, 0.468478152868205, 0.468517245511888, 0.468556741535828, 0.468596647215725, 0.468636968958156, 0.468677713303988, 0.468718886931902, 0.468760496662048, 0.468802549459824, 0.468845052439731]
            G_k   G_theta PLRV_distortion target_epsilon
1375      100.0  0.010101        0.000102       0.468108
1317  99.522613   0.01015        0.000103       0.468143
1260  99.045226  0.010199        0.000104       0.468179
1205  98.567839  0.010249        0.000105       0.468215
1151  98.090452    0.0103        0.000106       0.468252
1098  97.613065  0.010351        0.000107       0.468289
1046  97.135678  0.010402        0.000108       0.468326
996   96.658291  0.010454        0.000109       0.468363
947   96.180905  0.010506         0.00011       0.468401
899   95.703518  0.010559        0.000111       0.468439
852   95.226131  0.010613        0.000113       0.468478
807   94.748744  0.010667        0.000114       0.468517
763   94.271357  0.010721        0.000115       0.468557
720    93.79397  0.010777        0.000116       0.468597
678   93.316583  0.010832        0.000117       0.468637
638   92.839196  0.010889        0.000119       0.468678
599   92.361809  0.010945         0.00012       0.468719
561   91.884422  0.011003        0.000121        0.46876
524   91.407035  0.011061        0.000122       0.468803
489   90.929648   0.01112        0.000124       0.468845
target_delta: 1e-9, noise_multiplier: None, sigma: None

cifar10 50000 1024 10
{'C': 0.3, 'array_alpha': 256, 'sample_size': 50000, 'target_delta': 1e-05, 'batch_size': 1024, 'sample_rate': 0.02048, 'epoch': 10, 'steps': 489, 'dataset': 'cifar10'}
not empty
[0.511026072285527, 0.511064976916911, 0.511104263348262, 0.511143937227542, 0.511184004314629, 0.511224470484145, 0.511265341728376, 0.511306624160083, 0.511348324015694, 0.511390447658413, 0.511433001581377, 0.511475992411105, 0.51151942691085, 0.511563311984176, 0.511607654678637, 0.511652462189537, 0.511697741863779, 0.511743501203971, 0.511789747872476, 0.511836489695746]
            G_k   G_theta PLRV_distortion target_epsilon
1375      100.0  0.010101        0.000102       0.511026
1317  99.522613   0.01015        0.000103       0.511065
1260  99.045226  0.010199        0.000104       0.511104
1205  98.567839  0.010249        0.000105       0.511144
1151  98.090452    0.0103        0.000106       0.511184
1098  97.613065  0.010351        0.000107       0.511224
1046  97.135678  0.010402        0.000108       0.511265
996   96.658291  0.010454        0.000109       0.511307
947   96.180905  0.010506         0.00011       0.511348
899   95.703518  0.010559        0.000111        0.51139
852   95.226131  0.010613        0.000113       0.511433
807   94.748744  0.010667        0.000114       0.511476
763   94.271357  0.010721        0.000115       0.511519
720    93.79397  0.010777        0.000116       0.511563
678   93.316583  0.010832        0.000117       0.511608
638   92.839196  0.010889        0.000119       0.511652
599   92.361809  0.010945         0.00012       0.511698
561   91.884422  0.011003        0.000121       0.511744
524   91.407035  0.011061        0.000122        0.51179
489   90.929648   0.01112        0.000124       0.511836
target_delta: 1e-9, noise_multiplier: None, sigma: None

p100 10000 1024 10
{'C': 0.3, 'array_alpha': 256, 'sample_size': 10000, 'target_delta': 5e-05, 'batch_size': 1024, 'sample_rate': 0.1024, 'epoch': 10, 'steps': 98, 'dataset': 'p100'}
not empty
[1.10323434991046, 1.10332492622509, 1.1034163929052, 1.10350876314407, 1.10360205039686, 1.10369626838728, 1.10379143111426, 1.10388755285883, 1.10398464819133, 1.10408273197882, 1.10418181939252, 1.10428192591579, 1.10438306735208, 1.1044852598333, 1.1045885198284, 1.10469286415221, 1.10479830997455, 1.10490487482968, 1.10501257662601, 1.10512143365608]
            G_k   G_theta PLRV_distortion target_epsilon
1375      100.0  0.010101        0.000102       1.103234
1317  99.522613   0.01015        0.000103       1.103325
1260  99.045226  0.010199        0.000104       1.103416
1205  98.567839  0.010249        0.000105       1.103509
1151  98.090452    0.0103        0.000106       1.103602
1098  97.613065  0.010351        0.000107       1.103696
1046  97.135678  0.010402        0.000108       1.103791
996   96.658291  0.010454        0.000109       1.103888
947   96.180905  0.010506         0.00011       1.103985
899   95.703518  0.010559        0.000111       1.104083
852   95.226131  0.010613        0.000113       1.104182
807   94.748744  0.010667        0.000114       1.104282
763   94.271357  0.010721        0.000115       1.104383
720    93.79397  0.010777        0.000116       1.104485
678   93.316583  0.010832        0.000117       1.104589
638   92.839196  0.010889        0.000119       1.104693
599   92.361809  0.010945         0.00012       1.104798
561   91.884422  0.011003        0.000121       1.104905
524   91.407035  0.011061        0.000122       1.105013
489   90.929648   0.01112        0.000124       1.105121
target_delta: 1e-9, noise_multiplier: None, sigma: None

dart 93187 1024 10
{'C': 0.3, 'array_alpha': 256, 'sample_size': 93187, 'target_delta': 5.365555281316063e-06, 'batch_size': 1024, 'sample_rate': 0.010988657216135298, 'epoch': 10, 'steps': 911, 'dataset': 'dart'}
not empty
[0.379679546945926, 0.379708154874634, 0.37973704343431, 0.379766216774517, 0.379795679127038, 0.379825434807927, 0.379855488219583, 0.379885843852929, 0.3799165062897, 0.379947480204727, 0.379978770368218, 0.380010381648381, 0.380042319013797, 0.380074587536072, 0.38010719239259, 0.380140138869166, 0.380173432362988, 0.380207078385528, 0.380241082565571, 0.3802754506524]
            G_k   G_theta PLRV_distortion target_epsilon
1375      100.0  0.010101        0.000102        0.37968
1317  99.522613   0.01015        0.000103       0.379708
1260  99.045226  0.010199        0.000104       0.379737
1205  98.567839  0.010249        0.000105       0.379766
1151  98.090452    0.0103        0.000106       0.379796
1098  97.613065  0.010351        0.000107       0.379825
1046  97.135678  0.010402        0.000108       0.379855
996   96.658291  0.010454        0.000109       0.379886
947   96.180905  0.010506         0.00011       0.379917
899   95.703518  0.010559        0.000111       0.379947
852   95.226131  0.010613        0.000113       0.379979
807   94.748744  0.010667        0.000114        0.38001
763   94.271357  0.010721        0.000115       0.380042
720    93.79397  0.010777        0.000116       0.380075
678   93.316583  0.010832        0.000117       0.380107
638   92.839196  0.010889        0.000119        0.38014
599   92.361809  0.010945         0.00012       0.380173
561   91.884422  0.011003        0.000121       0.380207
524   91.407035  0.011061        0.000122       0.380241
489   90.929648   0.01112        0.000124       0.380275
target_delta: 1e-9, noise_multiplier: None, sigma: None

cifar10 50000 1024 10
sst-2 67349 1024 3
{'C': 0.7, 'array_alpha': 256, 'sample_size': 67349, 'target_delta': 7.4240152043831385e-06, 'batch_size': 1024, 'sample_rate': 0.015204383138576668, 'epoch': 3, 'steps': 198, 'dataset': 'sst-2'}
empty
p100 10000 1024 10
mnli 392703 1024 3
cifar10 50000 1024 10
mnli 392703 1024 3
{'C': 0.7, 'array_alpha': 256, 'sample_size': 392703, 'target_delta': 1.2732268406403822e-06, 'batch_size': 1024, 'sample_rate': 0.0026075685696315028, 'epoch': 3, 'steps': 1151, 'dataset': 'mnli'}
empty
qnli 104743 1024 3
{'C': 0.7, 'array_alpha': 256, 'sample_size': 104743, 'target_delta': 4.773588688504244e-06, 'batch_size': 1024, 'sample_rate': 0.009776309634056691, 'epoch': 3, 'steps': 307, 'dataset': 'qnli'}
empty
sst-2 67349 1024 3
dart 93187 1024 10
e2e 42061 1024 10
{'C': 0.7, 'array_alpha': 256, 'sample_size': 42061, 'target_delta': 1.18874967309384e-05, 'batch_size': 1024, 'sample_rate': 0.024345593304961843, 'epoch': 10, 'steps': 411, 'dataset': 'e2e'}
empty
cifar10 50000 1024 10
{'C': 0.7, 'array_alpha': 256, 'sample_size': 50000, 'target_delta': 1e-05, 'batch_size': 1024, 'sample_rate': 0.02048, 'epoch': 10, 'steps': 489, 'dataset': 'cifar10'}
empty
qqp 363847 1024 3
{'C': 0.7, 'array_alpha': 256, 'sample_size': 363847, 'target_delta': 1.3742039923374386e-06, 'batch_size': 1024, 'sample_rate': 0.0028143697763070743, 'epoch': 3, 'steps': 1066, 'dataset': 'qqp'}
empty
dart 93187 1024 10
{'C': 0.7, 'array_alpha': 256, 'sample_size': 93187, 'target_delta': 5.365555281316063e-06, 'batch_size': 1024, 'sample_rate': 0.010988657216135298, 'epoch': 10, 'steps': 911, 'dataset': 'dart'}
empty
e2e 42061 1024 10
mnist 60000 1024 10
mnist 60000 1024 10
{'C': 0.7, 'array_alpha': 256, 'sample_size': 60000, 'target_delta': 8.333333333333334e-06, 'batch_size': 1024, 'sample_rate': 0.017066666666666667, 'epoch': 10, 'steps': 586, 'dataset': 'mnist'}
empty
p100 10000 1024 10
{'C': 0.7, 'array_alpha': 256, 'sample_size': 10000, 'target_delta': 5e-05, 'batch_size': 1024, 'sample_rate': 0.1024, 'epoch': 10, 'steps': 98, 'dataset': 'p100'}
empty
qqp 363847 1024 3
qnli 104743 1024 3
